<?xml version="1.0" encoding="UTF-8"?>
<!DOCTYPE coverage SYSTEM "https://raw.githubusercontent.com/cobertura/cobertura/master/cobertura/src/site/htdocs/xml/coverage-04.dtd">
<coverage line-rate="0.91793893129771" branch-rate="0" lines-covered="481" lines-valid="524" branches-covered="0" branches-valid="0" complexity="0" version="3.6.4" timestamp="2024-04-10 08:56:13.526991">
  <sources>
    <source>/__w/diffdf/diffdf/diffdf</source>
  </sources>
  <packages>
    <package name="diffdf" line-rate="0.91793893129771" branch-rate="0" complexity="0">
      <classes>
        <class name="ascii_tables.R" filename="R/ascii_tables.R" line-rate="0.961538461538462" branch-rate="0" complexity="0">
          <methods>
            <method name="string_pad" signature="" line-rate="0.8" branch-rate="0" complexity="0">
              <lines>
                <line number="10" hits="0" branch="false"/>
                <line number="11" hits="1114" branch="false"/>
                <line number="12" hits="1114" branch="false"/>
                <line number="13" hits="1114" branch="false"/>
                <line number="14" hits="1114" branch="false"/>
              </lines>
            </method>
            <method name="recursive_reduce" signature="" line-rate="1" branch-rate="0" complexity="0">
              <lines>
                <line number="30" hits="629" branch="false"/>
                <line number="31" hits="425" branch="false"/>
                <line number="32" hits="425" branch="false"/>
                <line number="34" hits="204" branch="false"/>
              </lines>
            </method>
            <method name="invert" signature="" line-rate="1" branch-rate="0" complexity="0">
              <lines>
                <line number="44" hits="64" branch="false"/>
                <line number="45" hits="64" branch="false"/>
                <line number="46" hits="64" branch="false"/>
                <line number="47" hits="64" branch="false"/>
                <line number="48" hits="192" branch="false"/>
                <line number="49" hits="192" branch="false"/>
                <line number="50" hits="609" branch="false"/>
                <line number="53" hits="64" branch="false"/>
              </lines>
            </method>
            <method name="as_ascii_table" signature="" line-rate="1" branch-rate="0" complexity="0">
              <lines>
                <line number="71" hits="64" branch="false"/>
                <line number="73" hits="64" branch="false"/>
                <line number="74" hits="64" branch="false"/>
                <line number="78" hits="64" branch="false"/>
                <line number="79" hits="203" branch="false"/>
                <line number="80" hits="203" branch="false"/>
                <line number="82" hits="203" branch="false"/>
                <line number="83" hits="203" branch="false"/>
                <line number="85" hits="203" branch="false"/>
                <line number="86" hits="203" branch="false"/>
                <line number="87" hits="203" branch="false"/>
                <line number="88" hits="203" branch="false"/>
                <line number="92" hits="64" branch="false"/>
                <line number="93" hits="64" branch="false"/>
                <line number="94" hits="64" branch="false"/>
                <line number="95" hits="64" branch="false"/>
                <line number="98" hits="64" branch="false"/>
                <line number="99" hits="64" branch="false"/>
                <line number="100" hits="64" branch="false"/>
                <line number="103" hits="64" branch="false"/>
                <line number="104" hits="64" branch="false"/>
                <line number="105" hits="64" branch="false"/>
                <line number="106" hits="64" branch="false"/>
                <line number="107" hits="64" branch="false"/>
                <line number="108" hits="64" branch="false"/>
                <line number="109" hits="64" branch="false"/>
                <line number="110" hits="64" branch="false"/>
              </lines>
            </method>
            <method name="as_cropped_char" signature="" line-rate="0.909090909090909" branch-rate="0" complexity="0">
              <lines>
                <line number="128" hits="911" branch="false"/>
                <line number="129" hits="0" branch="false"/>
                <line number="130" hits="911" branch="false"/>
                <line number="131" hits="1" branch="false"/>
                <line number="133" hits="910" branch="false"/>
                <line number="136" hits="911" branch="false"/>
                <line number="138" hits="911" branch="false"/>
                <line number="139" hits="10" branch="false"/>
                <line number="140" hits="10" branch="false"/>
                <line number="142" hits="901" branch="false"/>
                <line number="145" hits="911" branch="false"/>
              </lines>
            </method>
            <method name="get_table" signature="" line-rate="0.956521739130435" branch-rate="0" complexity="0">
              <lines>
                <line number="157" hits="64" branch="false"/>
                <line number="158" hits="0" branch="false"/>
                <line number="160" hits="64" branch="false"/>
                <line number="161" hits="2" branch="false"/>
                <line number="163" hits="62" branch="false"/>
                <line number="166" hits="64" branch="false"/>
                <line number="167" hits="6" branch="false"/>
                <line number="168" hits="6" branch="false"/>
                <line number="169" hits="6" branch="false"/>
                <line number="170" hits="6" branch="false"/>
                <line number="171" hits="6" branch="false"/>
                <line number="172" hits="6" branch="false"/>
                <line number="173" hits="6" branch="false"/>
                <line number="176" hits="58" branch="false"/>
                <line number="179" hits="64" branch="false"/>
                <line number="180" hits="64" branch="false"/>
                <line number="181" hits="64" branch="false"/>
                <line number="182" hits="64" branch="false"/>
                <line number="183" hits="64" branch="false"/>
                <line number="184" hits="64" branch="false"/>
                <line number="185" hits="64" branch="false"/>
                <line number="186" hits="64" branch="false"/>
                <line number="187" hits="64" branch="false"/>
              </lines>
            </method>
          </methods>
          <lines>
            <line number="10" hits="0" branch="false"/>
            <line number="11" hits="1114" branch="false"/>
            <line number="12" hits="1114" branch="false"/>
            <line number="13" hits="1114" branch="false"/>
            <line number="14" hits="1114" branch="false"/>
            <line number="30" hits="629" branch="false"/>
            <line number="31" hits="425" branch="false"/>
            <line number="32" hits="425" branch="false"/>
            <line number="34" hits="204" branch="false"/>
            <line number="44" hits="64" branch="false"/>
            <line number="45" hits="64" branch="false"/>
            <line number="46" hits="64" branch="false"/>
            <line number="47" hits="64" branch="false"/>
            <line number="48" hits="192" branch="false"/>
            <line number="49" hits="192" branch="false"/>
            <line number="50" hits="609" branch="false"/>
            <line number="53" hits="64" branch="false"/>
            <line number="71" hits="64" branch="false"/>
            <line number="73" hits="64" branch="false"/>
            <line number="74" hits="64" branch="false"/>
            <line number="78" hits="64" branch="false"/>
            <line number="79" hits="203" branch="false"/>
            <line number="80" hits="203" branch="false"/>
            <line number="82" hits="203" branch="false"/>
            <line number="83" hits="203" branch="false"/>
            <line number="85" hits="203" branch="false"/>
            <line number="86" hits="203" branch="false"/>
            <line number="87" hits="203" branch="false"/>
            <line number="88" hits="203" branch="false"/>
            <line number="92" hits="64" branch="false"/>
            <line number="93" hits="64" branch="false"/>
            <line number="94" hits="64" branch="false"/>
            <line number="95" hits="64" branch="false"/>
            <line number="98" hits="64" branch="false"/>
            <line number="99" hits="64" branch="false"/>
            <line number="100" hits="64" branch="false"/>
            <line number="103" hits="64" branch="false"/>
            <line number="104" hits="64" branch="false"/>
            <line number="105" hits="64" branch="false"/>
            <line number="106" hits="64" branch="false"/>
            <line number="107" hits="64" branch="false"/>
            <line number="108" hits="64" branch="false"/>
            <line number="109" hits="64" branch="false"/>
            <line number="110" hits="64" branch="false"/>
            <line number="128" hits="911" branch="false"/>
            <line number="129" hits="0" branch="false"/>
            <line number="130" hits="911" branch="false"/>
            <line number="131" hits="1" branch="false"/>
            <line number="133" hits="910" branch="false"/>
            <line number="136" hits="911" branch="false"/>
            <line number="138" hits="911" branch="false"/>
            <line number="139" hits="10" branch="false"/>
            <line number="140" hits="10" branch="false"/>
            <line number="142" hits="901" branch="false"/>
            <line number="145" hits="911" branch="false"/>
            <line number="157" hits="64" branch="false"/>
            <line number="158" hits="0" branch="false"/>
            <line number="160" hits="64" branch="false"/>
            <line number="161" hits="2" branch="false"/>
            <line number="163" hits="62" branch="false"/>
            <line number="166" hits="64" branch="false"/>
            <line number="167" hits="6" branch="false"/>
            <line number="168" hits="6" branch="false"/>
            <line number="169" hits="6" branch="false"/>
            <line number="170" hits="6" branch="false"/>
            <line number="171" hits="6" branch="false"/>
            <line number="172" hits="6" branch="false"/>
            <line number="173" hits="6" branch="false"/>
            <line number="176" hits="58" branch="false"/>
            <line number="179" hits="64" branch="false"/>
            <line number="180" hits="64" branch="false"/>
            <line number="181" hits="64" branch="false"/>
            <line number="182" hits="64" branch="false"/>
            <line number="183" hits="64" branch="false"/>
            <line number="184" hits="64" branch="false"/>
            <line number="185" hits="64" branch="false"/>
            <line number="186" hits="64" branch="false"/>
            <line number="187" hits="64" branch="false"/>
          </lines>
        </class>
        <class name="cast_variables.R" filename="R/cast_variables.R" line-rate="1" branch-rate="0" complexity="0">
          <methods>
            <method name="sort_then_join" signature="" line-rate="1" branch-rate="0" complexity="0">
              <lines>
                <line number="8" hits="14" branch="false"/>
              </lines>
            </method>
            <method name="class_merge" signature="" line-rate="1" branch-rate="0" complexity="0">
              <lines>
                <line number="17" hits="304" branch="false"/>
              </lines>
            </method>
            <method name="get_message" signature="" line-rate="1" branch-rate="0" complexity="0">
              <lines>
                <line number="22" hits="12" branch="false"/>
                <line number="23" hits="12" branch="false"/>
                <line number="24" hits="12" branch="false"/>
              </lines>
            </method>
            <method name="get_casted_vector" signature="" line-rate="1" branch-rate="0" complexity="0">
              <lines>
                <line number="36" hits="24" branch="false"/>
                <line number="37" hits="6" branch="false"/>
                <line number="38" hits="6" branch="false"/>
                <line number="41" hits="18" branch="false"/>
                <line number="42" hits="6" branch="false"/>
                <line number="43" hits="6" branch="false"/>
                <line number="46" hits="12" branch="false"/>
              </lines>
            </method>
            <method name="get_casted_dataset" signature="" line-rate="1" branch-rate="0" complexity="0">
              <lines>
                <line number="59" hits="22" branch="false"/>
                <line number="60" hits="24" branch="false"/>
                <line number="62" hits="22" branch="false"/>
              </lines>
            </method>
            <method name="cast_variables" signature="" line-rate="1" branch-rate="0" complexity="0">
              <lines>
                <line number="87" hits="13" branch="false"/>
                <line number="89" hits="13" branch="false"/>
                <line number="90" hits="13" branch="false"/>
                <line number="91" hits="13" branch="false"/>
                <line number="92" hits="13" branch="false"/>
                <line number="93" hits="13" branch="false"/>
                <line number="94" hits="13" branch="false"/>
                <line number="97" hits="13" branch="false"/>
                <line number="98" hits="13" branch="false"/>
                <line number="99" hits="13" branch="false"/>
                <line number="100" hits="13" branch="false"/>
                <line number="101" hits="13" branch="false"/>
                <line number="102" hits="13" branch="false"/>
                <line number="104" hits="13" branch="false"/>
                <line number="105" hits="13" branch="false"/>
                <line number="106" hits="13" branch="false"/>
                <line number="107" hits="13" branch="false"/>
                <line number="108" hits="13" branch="false"/>
                <line number="111" hits="13" branch="false"/>
                <line number="114" hits="13" branch="false"/>
                <line number="115" hits="13" branch="false"/>
                <line number="116" hits="13" branch="false"/>
                <line number="117" hits="13" branch="false"/>
                <line number="118" hits="13" branch="false"/>
                <line number="121" hits="13" branch="false"/>
                <line number="124" hits="13" branch="false"/>
                <line number="125" hits="13" branch="false"/>
                <line number="126" hits="13" branch="false"/>
                <line number="127" hits="13" branch="false"/>
                <line number="130" hits="13" branch="false"/>
                <line number="131" hits="2" branch="false"/>
                <line number="135" hits="11" branch="false"/>
                <line number="136" hits="22" branch="false"/>
                <line number="139" hits="11" branch="false"/>
              </lines>
            </method>
          </methods>
          <lines>
            <line number="8" hits="14" branch="false"/>
            <line number="17" hits="304" branch="false"/>
            <line number="22" hits="12" branch="false"/>
            <line number="23" hits="12" branch="false"/>
            <line number="24" hits="12" branch="false"/>
            <line number="36" hits="24" branch="false"/>
            <line number="37" hits="6" branch="false"/>
            <line number="38" hits="6" branch="false"/>
            <line number="41" hits="18" branch="false"/>
            <line number="42" hits="6" branch="false"/>
            <line number="43" hits="6" branch="false"/>
            <line number="46" hits="12" branch="false"/>
            <line number="59" hits="22" branch="false"/>
            <line number="60" hits="24" branch="false"/>
            <line number="62" hits="22" branch="false"/>
            <line number="87" hits="13" branch="false"/>
            <line number="89" hits="13" branch="false"/>
            <line number="90" hits="13" branch="false"/>
            <line number="91" hits="13" branch="false"/>
            <line number="92" hits="13" branch="false"/>
            <line number="93" hits="13" branch="false"/>
            <line number="94" hits="13" branch="false"/>
            <line number="97" hits="13" branch="false"/>
            <line number="98" hits="13" branch="false"/>
            <line number="99" hits="13" branch="false"/>
            <line number="100" hits="13" branch="false"/>
            <line number="101" hits="13" branch="false"/>
            <line number="102" hits="13" branch="false"/>
            <line number="104" hits="13" branch="false"/>
            <line number="105" hits="13" branch="false"/>
            <line number="106" hits="13" branch="false"/>
            <line number="107" hits="13" branch="false"/>
            <line number="108" hits="13" branch="false"/>
            <line number="111" hits="13" branch="false"/>
            <line number="114" hits="13" branch="false"/>
            <line number="115" hits="13" branch="false"/>
            <line number="116" hits="13" branch="false"/>
            <line number="117" hits="13" branch="false"/>
            <line number="118" hits="13" branch="false"/>
            <line number="121" hits="13" branch="false"/>
            <line number="124" hits="13" branch="false"/>
            <line number="125" hits="13" branch="false"/>
            <line number="126" hits="13" branch="false"/>
            <line number="127" hits="13" branch="false"/>
            <line number="130" hits="13" branch="false"/>
            <line number="131" hits="2" branch="false"/>
            <line number="135" hits="11" branch="false"/>
            <line number="136" hits="22" branch="false"/>
            <line number="139" hits="11" branch="false"/>
          </lines>
        </class>
        <class name="diffdf.R" filename="R/diffdf.R" line-rate="0.826771653543307" branch-rate="0" complexity="0">
          <methods>
            <method name="diffdf" signature="" line-rate="0.832" branch-rate="0" complexity="0">
              <lines>
                <line number="95" hits="136" branch="false"/>
                <line number="96" hits="136" branch="false"/>
                <line number="97" hits="136" branch="false"/>
                <line number="98" hits="136" branch="false"/>
                <line number="102" hits="136" branch="false"/>
                <line number="103" hits="136" branch="false"/>
                <line number="105" hits="136" branch="false"/>
                <line number="108" hits="136" branch="false"/>
                <line number="109" hits="122" branch="false"/>
                <line number="110" hits="122" branch="false"/>
                <line number="111" hits="122" branch="false"/>
                <line number="112" hits="122" branch="false"/>
                <line number="113" hits="122" branch="false"/>
                <line number="115" hits="136" branch="false"/>
                <line number="119" hits="136" branch="false"/>
                <line number="120" hits="2" branch="false"/>
                <line number="123" hits="134" branch="false"/>
                <line number="124" hits="2" branch="false"/>
                <line number="129" hits="132" branch="false"/>
                <line number="130" hits="1" branch="false"/>
                <line number="133" hits="131" branch="false"/>
                <line number="134" hits="0" branch="false"/>
                <line number="141" hits="131" branch="false"/>
                <line number="142" hits="131" branch="false"/>
                <line number="143" hits="131" branch="false"/>
                <line number="144" hits="131" branch="false"/>
                <line number="147" hits="131" branch="false"/>
                <line number="148" hits="131" branch="false"/>
                <line number="149" hits="131" branch="false"/>
                <line number="150" hits="131" branch="false"/>
                <line number="154" hits="131" branch="false"/>
                <line number="156" hits="9" branch="false"/>
                <line number="157" hits="9" branch="false"/>
                <line number="158" hits="9" branch="false"/>
                <line number="159" hits="9" branch="false"/>
                <line number="160" hits="9" branch="false"/>
                <line number="161" hits="9" branch="false"/>
                <line number="162" hits="9" branch="false"/>
                <line number="164" hits="9" branch="false"/>
                <line number="165" hits="9" branch="false"/>
                <line number="170" hits="131" branch="false"/>
                <line number="171" hits="131" branch="false"/>
                <line number="172" hits="131" branch="false"/>
                <line number="173" hits="131" branch="false"/>
                <line number="176" hits="131" branch="false"/>
                <line number="177" hits="131" branch="false"/>
                <line number="178" hits="131" branch="false"/>
                <line number="179" hits="131" branch="false"/>
                <line number="182" hits="131" branch="false"/>
                <line number="183" hits="131" branch="false"/>
                <line number="184" hits="131" branch="false"/>
                <line number="185" hits="131" branch="false"/>
                <line number="186" hits="131" branch="false"/>
                <line number="187" hits="131" branch="false"/>
                <line number="192" hits="131" branch="false"/>
                <line number="193" hits="131" branch="false"/>
                <line number="196" hits="131" branch="false"/>
                <line number="197" hits="0" branch="false"/>
                <line number="200" hits="131" branch="false"/>
                <line number="201" hits="0" branch="false"/>
                <line number="204" hits="131" branch="false"/>
                <line number="205" hits="0" branch="false"/>
                <line number="212" hits="131" branch="false"/>
                <line number="213" hits="131" branch="false"/>
                <line number="214" hits="131" branch="false"/>
                <line number="215" hits="131" branch="false"/>
                <line number="220" hits="131" branch="false"/>
                <line number="221" hits="131" branch="false"/>
                <line number="224" hits="131" branch="false"/>
                <line number="225" hits="131" branch="false"/>
                <line number="226" hits="131" branch="false"/>
                <line number="227" hits="131" branch="false"/>
                <line number="230" hits="131" branch="false"/>
                <line number="231" hits="131" branch="false"/>
                <line number="232" hits="131" branch="false"/>
                <line number="233" hits="131" branch="false"/>
                <line number="237" hits="131" branch="false"/>
                <line number="238" hits="131" branch="false"/>
                <line number="239" hits="131" branch="false"/>
                <line number="240" hits="131" branch="false"/>
                <line number="243" hits="131" branch="false"/>
                <line number="244" hits="131" branch="false"/>
                <line number="245" hits="131" branch="false"/>
                <line number="246" hits="131" branch="false"/>
                <line number="249" hits="131" branch="false"/>
                <line number="250" hits="131" branch="false"/>
                <line number="251" hits="131" branch="false"/>
                <line number="252" hits="131" branch="false"/>
                <line number="253" hits="131" branch="false"/>
                <line number="259" hits="131" branch="false"/>
                <line number="260" hits="130" branch="false"/>
                <line number="261" hits="130" branch="false"/>
                <line number="262" hits="130" branch="false"/>
                <line number="263" hits="130" branch="false"/>
                <line number="264" hits="130" branch="false"/>
                <line number="268" hits="131" branch="false"/>
                <line number="269" hits="993" branch="false"/>
                <line number="270" hits="993" branch="false"/>
                <line number="271" hits="993" branch="false"/>
                <line number="272" hits="993" branch="false"/>
                <line number="276" hits="131" branch="false"/>
                <line number="277" hits="131" branch="false"/>
                <line number="279" hits="131" branch="false"/>
                <line number="280" hits="97" branch="false"/>
                <line number="281" hits="36" branch="false"/>
                <line number="282" hits="36" branch="false"/>
                <line number="287" hits="131" branch="false"/>
                <line number="288" hits="0" branch="false"/>
                <line number="290" hits="0" branch="false"/>
                <line number="291" hits="0" branch="false"/>
                <line number="292" hits="0" branch="false"/>
                <line number="293" hits="0" branch="false"/>
                <line number="294" hits="0" branch="false"/>
                <line number="295" hits="0" branch="false"/>
                <line number="296" hits="0" branch="false"/>
                <line number="297" hits="0" branch="false"/>
                <line number="298" hits="0" branch="false"/>
                <line number="299" hits="0" branch="false"/>
                <line number="300" hits="0" branch="false"/>
                <line number="301" hits="0" branch="false"/>
                <line number="302" hits="0" branch="false"/>
                <line number="303" hits="0" branch="false"/>
                <line number="304" hits="0" branch="false"/>
                <line number="305" hits="0" branch="false"/>
                <line number="308" hits="131" branch="false"/>
              </lines>
            </method>
            <method name="diffdf_has_issues" signature="" line-rate="0.5" branch-rate="0" complexity="0">
              <lines>
                <line number="332" hits="0" branch="false"/>
                <line number="333" hits="21" branch="false"/>
              </lines>
            </method>
          </methods>
          <lines>
            <line number="95" hits="136" branch="false"/>
            <line number="96" hits="136" branch="false"/>
            <line number="97" hits="136" branch="false"/>
            <line number="98" hits="136" branch="false"/>
            <line number="102" hits="136" branch="false"/>
            <line number="103" hits="136" branch="false"/>
            <line number="105" hits="136" branch="false"/>
            <line number="108" hits="136" branch="false"/>
            <line number="109" hits="122" branch="false"/>
            <line number="110" hits="122" branch="false"/>
            <line number="111" hits="122" branch="false"/>
            <line number="112" hits="122" branch="false"/>
            <line number="113" hits="122" branch="false"/>
            <line number="115" hits="136" branch="false"/>
            <line number="119" hits="136" branch="false"/>
            <line number="120" hits="2" branch="false"/>
            <line number="123" hits="134" branch="false"/>
            <line number="124" hits="2" branch="false"/>
            <line number="129" hits="132" branch="false"/>
            <line number="130" hits="1" branch="false"/>
            <line number="133" hits="131" branch="false"/>
            <line number="134" hits="0" branch="false"/>
            <line number="141" hits="131" branch="false"/>
            <line number="142" hits="131" branch="false"/>
            <line number="143" hits="131" branch="false"/>
            <line number="144" hits="131" branch="false"/>
            <line number="147" hits="131" branch="false"/>
            <line number="148" hits="131" branch="false"/>
            <line number="149" hits="131" branch="false"/>
            <line number="150" hits="131" branch="false"/>
            <line number="154" hits="131" branch="false"/>
            <line number="156" hits="9" branch="false"/>
            <line number="157" hits="9" branch="false"/>
            <line number="158" hits="9" branch="false"/>
            <line number="159" hits="9" branch="false"/>
            <line number="160" hits="9" branch="false"/>
            <line number="161" hits="9" branch="false"/>
            <line number="162" hits="9" branch="false"/>
            <line number="164" hits="9" branch="false"/>
            <line number="165" hits="9" branch="false"/>
            <line number="170" hits="131" branch="false"/>
            <line number="171" hits="131" branch="false"/>
            <line number="172" hits="131" branch="false"/>
            <line number="173" hits="131" branch="false"/>
            <line number="176" hits="131" branch="false"/>
            <line number="177" hits="131" branch="false"/>
            <line number="178" hits="131" branch="false"/>
            <line number="179" hits="131" branch="false"/>
            <line number="182" hits="131" branch="false"/>
            <line number="183" hits="131" branch="false"/>
            <line number="184" hits="131" branch="false"/>
            <line number="185" hits="131" branch="false"/>
            <line number="186" hits="131" branch="false"/>
            <line number="187" hits="131" branch="false"/>
            <line number="192" hits="131" branch="false"/>
            <line number="193" hits="131" branch="false"/>
            <line number="196" hits="131" branch="false"/>
            <line number="197" hits="0" branch="false"/>
            <line number="200" hits="131" branch="false"/>
            <line number="201" hits="0" branch="false"/>
            <line number="204" hits="131" branch="false"/>
            <line number="205" hits="0" branch="false"/>
            <line number="212" hits="131" branch="false"/>
            <line number="213" hits="131" branch="false"/>
            <line number="214" hits="131" branch="false"/>
            <line number="215" hits="131" branch="false"/>
            <line number="220" hits="131" branch="false"/>
            <line number="221" hits="131" branch="false"/>
            <line number="224" hits="131" branch="false"/>
            <line number="225" hits="131" branch="false"/>
            <line number="226" hits="131" branch="false"/>
            <line number="227" hits="131" branch="false"/>
            <line number="230" hits="131" branch="false"/>
            <line number="231" hits="131" branch="false"/>
            <line number="232" hits="131" branch="false"/>
            <line number="233" hits="131" branch="false"/>
            <line number="237" hits="131" branch="false"/>
            <line number="238" hits="131" branch="false"/>
            <line number="239" hits="131" branch="false"/>
            <line number="240" hits="131" branch="false"/>
            <line number="243" hits="131" branch="false"/>
            <line number="244" hits="131" branch="false"/>
            <line number="245" hits="131" branch="false"/>
            <line number="246" hits="131" branch="false"/>
            <line number="249" hits="131" branch="false"/>
            <line number="250" hits="131" branch="false"/>
            <line number="251" hits="131" branch="false"/>
            <line number="252" hits="131" branch="false"/>
            <line number="253" hits="131" branch="false"/>
            <line number="259" hits="131" branch="false"/>
            <line number="260" hits="130" branch="false"/>
            <line number="261" hits="130" branch="false"/>
            <line number="262" hits="130" branch="false"/>
            <line number="263" hits="130" branch="false"/>
            <line number="264" hits="130" branch="false"/>
            <line number="268" hits="131" branch="false"/>
            <line number="269" hits="993" branch="false"/>
            <line number="270" hits="993" branch="false"/>
            <line number="271" hits="993" branch="false"/>
            <line number="272" hits="993" branch="false"/>
            <line number="276" hits="131" branch="false"/>
            <line number="277" hits="131" branch="false"/>
            <line number="279" hits="131" branch="false"/>
            <line number="280" hits="97" branch="false"/>
            <line number="281" hits="36" branch="false"/>
            <line number="282" hits="36" branch="false"/>
            <line number="287" hits="131" branch="false"/>
            <line number="288" hits="0" branch="false"/>
            <line number="290" hits="0" branch="false"/>
            <line number="291" hits="0" branch="false"/>
            <line number="292" hits="0" branch="false"/>
            <line number="293" hits="0" branch="false"/>
            <line number="294" hits="0" branch="false"/>
            <line number="295" hits="0" branch="false"/>
            <line number="296" hits="0" branch="false"/>
            <line number="297" hits="0" branch="false"/>
            <line number="298" hits="0" branch="false"/>
            <line number="299" hits="0" branch="false"/>
            <line number="300" hits="0" branch="false"/>
            <line number="301" hits="0" branch="false"/>
            <line number="302" hits="0" branch="false"/>
            <line number="303" hits="0" branch="false"/>
            <line number="304" hits="0" branch="false"/>
            <line number="305" hits="0" branch="false"/>
            <line number="308" hits="131" branch="false"/>
            <line number="332" hits="0" branch="false"/>
            <line number="333" hits="21" branch="false"/>
          </lines>
        </class>
        <class name="generate_keyname.R" filename="R/generate_keyname.R" line-rate="0.875" branch-rate="0" complexity="0">
          <methods>
            <method name="generate_keyname" signature="" line-rate="0.875" branch-rate="0" complexity="0">
              <lines>
                <line number="16" hits="213" branch="false"/>
                <line number="17" hits="0" branch="false"/>
                <line number="20" hits="213" branch="false"/>
                <line number="21" hits="8" branch="false"/>
                <line number="24" hits="205" branch="false"/>
                <line number="26" hits="205" branch="false"/>
                <line number="27" hits="66" branch="false"/>
                <line number="29" hits="173" branch="false"/>
              </lines>
            </method>
          </methods>
          <lines>
            <line number="16" hits="213" branch="false"/>
            <line number="17" hits="0" branch="false"/>
            <line number="20" hits="213" branch="false"/>
            <line number="21" hits="8" branch="false"/>
            <line number="24" hits="205" branch="false"/>
            <line number="26" hits="205" branch="false"/>
            <line number="27" hits="66" branch="false"/>
            <line number="29" hits="173" branch="false"/>
          </lines>
        </class>
        <class name="identify.R" filename="R/identify.R" line-rate="0.929133858267717" branch-rate="0" complexity="0">
          <methods>
            <method name="identify_extra_rows" signature="" line-rate="1" branch-rate="0" complexity="0">
              <lines>
                <line number="10" hits="262" branch="false"/>
                <line number="11" hits="262" branch="false"/>
                <line number="12" hits="262" branch="false"/>
                <line number="13" hits="262" branch="false"/>
                <line number="14" hits="262" branch="false"/>
                <line number="15" hits="262" branch="false"/>
                <line number="16" hits="262" branch="false"/>
                <line number="17" hits="262" branch="false"/>
                <line number="19" hits="262" branch="false"/>
              </lines>
            </method>
            <method name="identify_extra_cols" signature="" line-rate="0.833333333333333" branch-rate="0" complexity="0">
              <lines>
                <line number="31" hits="262" branch="false"/>
                <line number="32" hits="262" branch="false"/>
                <line number="33" hits="0" branch="false"/>
                <line number="35" hits="262" branch="false"/>
                <line number="36" hits="262" branch="false"/>
                <line number="37" hits="262" branch="false"/>
              </lines>
            </method>
            <method name="identify_matching_cols" signature="" line-rate="1" branch-rate="0" complexity="0">
              <lines>
                <line number="53" hits="834" branch="false"/>
                <line number="54" hits="834" branch="false"/>
                <line number="55" hits="834" branch="false"/>
              </lines>
            </method>
            <method name="identify_unsupported_cols" signature="" line-rate="1" branch-rate="0" complexity="0">
              <lines>
                <line number="67" hits="262" branch="false"/>
                <line number="68" hits="262" branch="false"/>
                <line number="69" hits="262" branch="false"/>
                <line number="70" hits="262" branch="false"/>
                <line number="72" hits="262" branch="false"/>
              </lines>
            </method>
            <method name="identify_mode_differences" signature="" line-rate="1" branch-rate="0" complexity="0">
              <lines>
                <line number="85" hits="431" branch="false"/>
                <line number="87" hits="431" branch="false"/>
                <line number="88" hits="431" branch="false"/>
                <line number="89" hits="431" branch="false"/>
                <line number="90" hits="431" branch="false"/>
                <line number="91" hits="431" branch="false"/>
                <line number="92" hits="431" branch="false"/>
                <line number="93" hits="431" branch="false"/>
                <line number="94" hits="431" branch="false"/>
                <line number="95" hits="431" branch="false"/>
                <line number="97" hits="431" branch="false"/>
                <line number="98" hits="431" branch="false"/>
                <line number="100" hits="431" branch="false"/>
              </lines>
            </method>
            <method name="identify_class_differences" signature="" line-rate="1" branch-rate="0" complexity="0">
              <lines>
                <line number="113" hits="131" branch="false"/>
                <line number="115" hits="131" branch="false"/>
                <line number="116" hits="131" branch="false"/>
                <line number="117" hits="131" branch="false"/>
                <line number="118" hits="131" branch="false"/>
                <line number="119" hits="131" branch="false"/>
                <line number="120" hits="131" branch="false"/>
                <line number="121" hits="131" branch="false"/>
                <line number="122" hits="131" branch="false"/>
                <line number="124" hits="131" branch="false"/>
                <line number="126" hits="131" branch="false"/>
                <line number="127" hits="131" branch="false"/>
                <line number="128" hits="131" branch="false"/>
                <line number="129" hits="131" branch="false"/>
                <line number="130" hits="131" branch="false"/>
                <line number="131" hits="131" branch="false"/>
                <line number="133" hits="131" branch="false"/>
              </lines>
            </method>
            <method name="identify_att_differences" signature="" line-rate="1" branch-rate="0" complexity="0">
              <lines>
                <line number="148" hits="141" branch="false"/>
                <line number="150" hits="141" branch="false"/>
                <line number="151" hits="141" branch="false"/>
                <line number="152" hits="141" branch="false"/>
                <line number="153" hits="141" branch="false"/>
                <line number="154" hits="141" branch="false"/>
                <line number="155" hits="141" branch="false"/>
                <line number="156" hits="141" branch="false"/>
                <line number="157" hits="141" branch="false"/>
                <line number="159" hits="141" branch="false"/>
                <line number="161" hits="141" branch="false"/>
                <line number="165" hits="141" branch="false"/>
                <line number="166" hits="141" branch="false"/>
                <line number="167" hits="141" branch="false"/>
                <line number="168" hits="141" branch="false"/>
                <line number="169" hits="141" branch="false"/>
                <line number="170" hits="141" branch="false"/>
                <line number="172" hits="141" branch="false"/>
                <line number="174" hits="1241" branch="false"/>
                <line number="177" hits="1241" branch="false"/>
                <line number="178" hits="1241" branch="false"/>
                <line number="179" hits="1241" branch="false"/>
                <line number="180" hits="1241" branch="false"/>
                <line number="183" hits="908" branch="false"/>
                <line number="187" hits="333" branch="false"/>
                <line number="189" hits="574" branch="false"/>
                <line number="190" hits="574" branch="false"/>
                <line number="192" hits="574" branch="false"/>
                <line number="194" hits="89" branch="false"/>
                <line number="195" hits="89" branch="false"/>
                <line number="196" hits="89" branch="false"/>
                <line number="197" hits="89" branch="false"/>
                <line number="198" hits="89" branch="false"/>
                <line number="199" hits="89" branch="false"/>
                <line number="201" hits="89" branch="false"/>
                <line number="205" hits="141" branch="false"/>
              </lines>
            </method>
            <method name="identify_differences" signature="" line-rate="1" branch-rate="0" complexity="0">
              <lines>
                <line number="231" hits="131" branch="false"/>
                <line number="233" hits="1" branch="false"/>
                <line number="235" hits="130" branch="false"/>
                <line number="236" hits="130" branch="false"/>
                <line number="237" hits="130" branch="false"/>
                <line number="238" hits="130" branch="false"/>
                <line number="239" hits="130" branch="false"/>
                <line number="240" hits="130" branch="false"/>
                <line number="241" hits="130" branch="false"/>
                <line number="242" hits="130" branch="false"/>
                <line number="244" hits="130" branch="false"/>
                <line number="245" hits="130" branch="false"/>
                <line number="246" hits="130" branch="false"/>
                <line number="247" hits="130" branch="false"/>
                <line number="248" hits="130" branch="false"/>
                <line number="249" hits="130" branch="false"/>
                <line number="250" hits="130" branch="false"/>
                <line number="251" hits="130" branch="false"/>
                <line number="252" hits="130" branch="false"/>
                <line number="253" hits="130" branch="false"/>
                <line number="254" hits="130" branch="false"/>
                <line number="256" hits="130" branch="false"/>
              </lines>
            </method>
            <method name="identify_properties" signature="" line-rate="0.5" branch-rate="0" complexity="0">
              <lines>
                <line number="276" hits="1668" branch="false"/>
                <line number="277" hits="0" branch="false"/>
                <line number="278" hits="0" branch="false"/>
                <line number="279" hits="0" branch="false"/>
                <line number="280" hits="0" branch="false"/>
                <line number="281" hits="0" branch="false"/>
                <line number="282" hits="0" branch="false"/>
                <line number="283" hits="0" branch="false"/>
                <line number="284" hits="0" branch="false"/>
                <line number="287" hits="1668" branch="false"/>
                <line number="288" hits="1668" branch="false"/>
                <line number="289" hits="1668" branch="false"/>
                <line number="290" hits="1668" branch="false"/>
                <line number="291" hits="1668" branch="false"/>
                <line number="292" hits="1668" branch="false"/>
                <line number="293" hits="1668" branch="false"/>
              </lines>
            </method>
          </methods>
          <lines>
            <line number="10" hits="262" branch="false"/>
            <line number="11" hits="262" branch="false"/>
            <line number="12" hits="262" branch="false"/>
            <line number="13" hits="262" branch="false"/>
            <line number="14" hits="262" branch="false"/>
            <line number="15" hits="262" branch="false"/>
            <line number="16" hits="262" branch="false"/>
            <line number="17" hits="262" branch="false"/>
            <line number="19" hits="262" branch="false"/>
            <line number="31" hits="262" branch="false"/>
            <line number="32" hits="262" branch="false"/>
            <line number="33" hits="0" branch="false"/>
            <line number="35" hits="262" branch="false"/>
            <line number="36" hits="262" branch="false"/>
            <line number="37" hits="262" branch="false"/>
            <line number="53" hits="834" branch="false"/>
            <line number="54" hits="834" branch="false"/>
            <line number="55" hits="834" branch="false"/>
            <line number="67" hits="262" branch="false"/>
            <line number="68" hits="262" branch="false"/>
            <line number="69" hits="262" branch="false"/>
            <line number="70" hits="262" branch="false"/>
            <line number="72" hits="262" branch="false"/>
            <line number="85" hits="431" branch="false"/>
            <line number="87" hits="431" branch="false"/>
            <line number="88" hits="431" branch="false"/>
            <line number="89" hits="431" branch="false"/>
            <line number="90" hits="431" branch="false"/>
            <line number="91" hits="431" branch="false"/>
            <line number="92" hits="431" branch="false"/>
            <line number="93" hits="431" branch="false"/>
            <line number="94" hits="431" branch="false"/>
            <line number="95" hits="431" branch="false"/>
            <line number="97" hits="431" branch="false"/>
            <line number="98" hits="431" branch="false"/>
            <line number="100" hits="431" branch="false"/>
            <line number="113" hits="131" branch="false"/>
            <line number="115" hits="131" branch="false"/>
            <line number="116" hits="131" branch="false"/>
            <line number="117" hits="131" branch="false"/>
            <line number="118" hits="131" branch="false"/>
            <line number="119" hits="131" branch="false"/>
            <line number="120" hits="131" branch="false"/>
            <line number="121" hits="131" branch="false"/>
            <line number="122" hits="131" branch="false"/>
            <line number="124" hits="131" branch="false"/>
            <line number="126" hits="131" branch="false"/>
            <line number="127" hits="131" branch="false"/>
            <line number="128" hits="131" branch="false"/>
            <line number="129" hits="131" branch="false"/>
            <line number="130" hits="131" branch="false"/>
            <line number="131" hits="131" branch="false"/>
            <line number="133" hits="131" branch="false"/>
            <line number="148" hits="141" branch="false"/>
            <line number="150" hits="141" branch="false"/>
            <line number="151" hits="141" branch="false"/>
            <line number="152" hits="141" branch="false"/>
            <line number="153" hits="141" branch="false"/>
            <line number="154" hits="141" branch="false"/>
            <line number="155" hits="141" branch="false"/>
            <line number="156" hits="141" branch="false"/>
            <line number="157" hits="141" branch="false"/>
            <line number="159" hits="141" branch="false"/>
            <line number="161" hits="141" branch="false"/>
            <line number="165" hits="141" branch="false"/>
            <line number="166" hits="141" branch="false"/>
            <line number="167" hits="141" branch="false"/>
            <line number="168" hits="141" branch="false"/>
            <line number="169" hits="141" branch="false"/>
            <line number="170" hits="141" branch="false"/>
            <line number="172" hits="141" branch="false"/>
            <line number="174" hits="1241" branch="false"/>
            <line number="177" hits="1241" branch="false"/>
            <line number="178" hits="1241" branch="false"/>
            <line number="179" hits="1241" branch="false"/>
            <line number="180" hits="1241" branch="false"/>
            <line number="183" hits="908" branch="false"/>
            <line number="187" hits="333" branch="false"/>
            <line number="189" hits="574" branch="false"/>
            <line number="190" hits="574" branch="false"/>
            <line number="192" hits="574" branch="false"/>
            <line number="194" hits="89" branch="false"/>
            <line number="195" hits="89" branch="false"/>
            <line number="196" hits="89" branch="false"/>
            <line number="197" hits="89" branch="false"/>
            <line number="198" hits="89" branch="false"/>
            <line number="199" hits="89" branch="false"/>
            <line number="201" hits="89" branch="false"/>
            <line number="205" hits="141" branch="false"/>
            <line number="231" hits="131" branch="false"/>
            <line number="233" hits="1" branch="false"/>
            <line number="235" hits="130" branch="false"/>
            <line number="236" hits="130" branch="false"/>
            <line number="237" hits="130" branch="false"/>
            <line number="238" hits="130" branch="false"/>
            <line number="239" hits="130" branch="false"/>
            <line number="240" hits="130" branch="false"/>
            <line number="241" hits="130" branch="false"/>
            <line number="242" hits="130" branch="false"/>
            <line number="244" hits="130" branch="false"/>
            <line number="245" hits="130" branch="false"/>
            <line number="246" hits="130" branch="false"/>
            <line number="247" hits="130" branch="false"/>
            <line number="248" hits="130" branch="false"/>
            <line number="249" hits="130" branch="false"/>
            <line number="250" hits="130" branch="false"/>
            <line number="251" hits="130" branch="false"/>
            <line number="252" hits="130" branch="false"/>
            <line number="253" hits="130" branch="false"/>
            <line number="254" hits="130" branch="false"/>
            <line number="256" hits="130" branch="false"/>
            <line number="276" hits="1668" branch="false"/>
            <line number="277" hits="0" branch="false"/>
            <line number="278" hits="0" branch="false"/>
            <line number="279" hits="0" branch="false"/>
            <line number="280" hits="0" branch="false"/>
            <line number="281" hits="0" branch="false"/>
            <line number="282" hits="0" branch="false"/>
            <line number="283" hits="0" branch="false"/>
            <line number="284" hits="0" branch="false"/>
            <line number="287" hits="1668" branch="false"/>
            <line number="288" hits="1668" branch="false"/>
            <line number="289" hits="1668" branch="false"/>
            <line number="290" hits="1668" branch="false"/>
            <line number="291" hits="1668" branch="false"/>
            <line number="292" hits="1668" branch="false"/>
            <line number="293" hits="1668" branch="false"/>
          </lines>
        </class>
        <class name="is_different.R" filename="R/is_different.R" line-rate="0.979591836734694" branch-rate="0" complexity="0">
          <methods>
            <method name="is_variable_different" signature="" line-rate="0.941176470588235" branch-rate="0" complexity="0">
              <lines>
                <line number="13" hits="993" branch="false"/>
                <line number="14" hits="993" branch="false"/>
                <line number="16" hits="993" branch="false"/>
                <line number="17" hits="0" branch="false"/>
                <line number="20" hits="993" branch="false"/>
                <line number="21" hits="993" branch="false"/>
                <line number="22" hits="993" branch="false"/>
                <line number="24" hits="993" branch="false"/>
                <line number="26" hits="993" branch="false"/>
                <line number="28" hits="993" branch="false"/>
                <line number="29" hits="993" branch="false"/>
                <line number="30" hits="993" branch="false"/>
                <line number="31" hits="993" branch="false"/>
                <line number="32" hits="993" branch="false"/>
                <line number="33" hits="993" branch="false"/>
                <line number="34" hits="993" branch="false"/>
                <line number="36" hits="993" branch="false"/>
              </lines>
            </method>
            <method name="compare_vectors" signature="" line-rate="1" branch-rate="0" complexity="0">
              <lines>
                <line number="47" hits="1022" branch="false"/>
              </lines>
            </method>
            <method name="find_difference" signature="" line-rate="1" branch-rate="0" complexity="0">
              <lines>
                <line number="63" hits="1025" branch="false"/>
                <line number="64" hits="2" branch="false"/>
                <line number="65" hits="2" branch="false"/>
                <line number="68" hits="1023" branch="false"/>
                <line number="69" hits="1" branch="false"/>
                <line number="73" hits="1022" branch="false"/>
                <line number="75" hits="1022" branch="false"/>
                <line number="76" hits="1022" branch="false"/>
                <line number="79" hits="1022" branch="false"/>
                <line number="80" hits="1022" branch="false"/>
                <line number="81" hits="1022" branch="false"/>
                <line number="84" hits="1022" branch="false"/>
                <line number="86" hits="1022" branch="false"/>
                <line number="87" hits="1022" branch="false"/>
                <line number="88" hits="1022" branch="false"/>
                <line number="89" hits="1022" branch="false"/>
                <line number="90" hits="1022" branch="false"/>
                <line number="92" hits="1022" branch="false"/>
                <line number="94" hits="1022" branch="false"/>
              </lines>
            </method>
            <method name="compare_vectors.default" signature="" line-rate="1" branch-rate="0" complexity="0">
              <lines>
                <line number="110" hits="445" branch="false"/>
              </lines>
            </method>
            <method name="compare_vectors.factor" signature="" line-rate="1" branch-rate="0" complexity="0">
              <lines>
                <line number="123" hits="90" branch="false"/>
              </lines>
            </method>
            <method name="compare_vectors.numeric" signature="" line-rate="1" branch-rate="0" complexity="0">
              <lines>
                <line number="145" hits="487" branch="false"/>
                <line number="147" hits="487" branch="false"/>
                <line number="148" hits="451" branch="false"/>
                <line number="151" hits="36" branch="false"/>
                <line number="152" hits="13" branch="false"/>
                <line number="153" hits="13" branch="false"/>
                <line number="156" hits="36" branch="false"/>
                <line number="158" hits="36" branch="false"/>
                <line number="159" hits="2" branch="false"/>
                <line number="162" hits="36" branch="false"/>
              </lines>
            </method>
          </methods>
          <lines>
            <line number="13" hits="993" branch="false"/>
            <line number="14" hits="993" branch="false"/>
            <line number="16" hits="993" branch="false"/>
            <line number="17" hits="0" branch="false"/>
            <line number="20" hits="993" branch="false"/>
            <line number="21" hits="993" branch="false"/>
            <line number="22" hits="993" branch="false"/>
            <line number="24" hits="993" branch="false"/>
            <line number="26" hits="993" branch="false"/>
            <line number="28" hits="993" branch="false"/>
            <line number="29" hits="993" branch="false"/>
            <line number="30" hits="993" branch="false"/>
            <line number="31" hits="993" branch="false"/>
            <line number="32" hits="993" branch="false"/>
            <line number="33" hits="993" branch="false"/>
            <line number="34" hits="993" branch="false"/>
            <line number="36" hits="993" branch="false"/>
            <line number="47" hits="1022" branch="false"/>
            <line number="63" hits="1025" branch="false"/>
            <line number="64" hits="2" branch="false"/>
            <line number="65" hits="2" branch="false"/>
            <line number="68" hits="1023" branch="false"/>
            <line number="69" hits="1" branch="false"/>
            <line number="73" hits="1022" branch="false"/>
            <line number="75" hits="1022" branch="false"/>
            <line number="76" hits="1022" branch="false"/>
            <line number="79" hits="1022" branch="false"/>
            <line number="80" hits="1022" branch="false"/>
            <line number="81" hits="1022" branch="false"/>
            <line number="84" hits="1022" branch="false"/>
            <line number="86" hits="1022" branch="false"/>
            <line number="87" hits="1022" branch="false"/>
            <line number="88" hits="1022" branch="false"/>
            <line number="89" hits="1022" branch="false"/>
            <line number="90" hits="1022" branch="false"/>
            <line number="92" hits="1022" branch="false"/>
            <line number="94" hits="1022" branch="false"/>
            <line number="110" hits="445" branch="false"/>
            <line number="123" hits="90" branch="false"/>
            <line number="145" hits="487" branch="false"/>
            <line number="147" hits="487" branch="false"/>
            <line number="148" hits="451" branch="false"/>
            <line number="151" hits="36" branch="false"/>
            <line number="152" hits="13" branch="false"/>
            <line number="153" hits="13" branch="false"/>
            <line number="156" hits="36" branch="false"/>
            <line number="158" hits="36" branch="false"/>
            <line number="159" hits="2" branch="false"/>
            <line number="162" hits="36" branch="false"/>
          </lines>
        </class>
        <class name="issuerows.R" filename="R/issuerows.R" line-rate="0.945945945945946" branch-rate="0" complexity="0">
          <methods>
            <method name="diffdf_issuerows" signature="" line-rate="0.941176470588235" branch-rate="0" complexity="0">
              <lines>
                <line number="34" hits="19" branch="false"/>
                <line number="35" hits="0" branch="false"/>
                <line number="38" hits="19" branch="false"/>
                <line number="40" hits="19" branch="false"/>
                <line number="41" hits="0" branch="false"/>
                <line number="44" hits="19" branch="false"/>
                <line number="46" hits="19" branch="false"/>
                <line number="47" hits="15" branch="false"/>
                <line number="49" hits="4" branch="false"/>
                <line number="52" hits="19" branch="false"/>
                <line number="53" hits="7" branch="false"/>
                <line number="56" hits="12" branch="false"/>
                <line number="57" hits="12" branch="false"/>
                <line number="58" hits="12" branch="false"/>
                <line number="59" hits="12" branch="false"/>
                <line number="60" hits="12" branch="false"/>
                <line number="61" hits="12" branch="false"/>
                <line number="63" hits="12" branch="false"/>
                <line number="64" hits="12" branch="false"/>
                <line number="66" hits="12" branch="false"/>
                <line number="67" hits="2" branch="false"/>
                <line number="70" hits="12" branch="false"/>
                <line number="72" hits="12" branch="false"/>
                <line number="73" hits="1" branch="false"/>
                <line number="76" hits="11" branch="false"/>
                <line number="77" hits="11" branch="false"/>
                <line number="78" hits="11" branch="false"/>
                <line number="79" hits="11" branch="false"/>
                <line number="80" hits="11" branch="false"/>
                <line number="82" hits="11" branch="false"/>
                <line number="84" hits="11" branch="false"/>
                <line number="85" hits="2" branch="false"/>
                <line number="86" hits="2" branch="false"/>
                <line number="89" hits="11" branch="false"/>
              </lines>
            </method>
            <method name="get_issue_dataset" signature="" line-rate="1" branch-rate="0" complexity="0">
              <lines>
                <line number="103" hits="20" branch="false"/>
                <line number="104" hits="20" branch="false"/>
                <line number="105" hits="20" branch="false"/>
              </lines>
            </method>
          </methods>
          <lines>
            <line number="34" hits="19" branch="false"/>
            <line number="35" hits="0" branch="false"/>
            <line number="38" hits="19" branch="false"/>
            <line number="40" hits="19" branch="false"/>
            <line number="41" hits="0" branch="false"/>
            <line number="44" hits="19" branch="false"/>
            <line number="46" hits="19" branch="false"/>
            <line number="47" hits="15" branch="false"/>
            <line number="49" hits="4" branch="false"/>
            <line number="52" hits="19" branch="false"/>
            <line number="53" hits="7" branch="false"/>
            <line number="56" hits="12" branch="false"/>
            <line number="57" hits="12" branch="false"/>
            <line number="58" hits="12" branch="false"/>
            <line number="59" hits="12" branch="false"/>
            <line number="60" hits="12" branch="false"/>
            <line number="61" hits="12" branch="false"/>
            <line number="63" hits="12" branch="false"/>
            <line number="64" hits="12" branch="false"/>
            <line number="66" hits="12" branch="false"/>
            <line number="67" hits="2" branch="false"/>
            <line number="70" hits="12" branch="false"/>
            <line number="72" hits="12" branch="false"/>
            <line number="73" hits="1" branch="false"/>
            <line number="76" hits="11" branch="false"/>
            <line number="77" hits="11" branch="false"/>
            <line number="78" hits="11" branch="false"/>
            <line number="79" hits="11" branch="false"/>
            <line number="80" hits="11" branch="false"/>
            <line number="82" hits="11" branch="false"/>
            <line number="84" hits="11" branch="false"/>
            <line number="85" hits="2" branch="false"/>
            <line number="86" hits="2" branch="false"/>
            <line number="89" hits="11" branch="false"/>
            <line number="103" hits="20" branch="false"/>
            <line number="104" hits="20" branch="false"/>
            <line number="105" hits="20" branch="false"/>
          </lines>
        </class>
        <class name="issues.R" filename="R/issues.R" line-rate="0.916666666666667" branch-rate="0" complexity="0">
          <methods>
            <method name="construct_issue" signature="" line-rate="1" branch-rate="0" complexity="0">
              <lines>
                <line number="9" hits="2302" branch="false"/>
                <line number="12" hits="2092" branch="false"/>
                <line number="14" hits="210" branch="false"/>
                <line number="15" hits="210" branch="false"/>
                <line number="16" hits="210" branch="false"/>
              </lines>
            </method>
            <method name="get_issue_message" signature="" line-rate="1" branch-rate="0" complexity="0">
              <lines>
                <line number="26" hits="210" branch="false"/>
              </lines>
            </method>
            <method name="get_print_message" signature="" line-rate="1" branch-rate="0" complexity="0">
              <lines>
                <line number="36" hits="64" branch="false"/>
              </lines>
            </method>
            <method name="get_print_message.default" signature="" line-rate="0" branch-rate="0" complexity="0">
              <lines>
                <line number="45" hits="0" branch="false"/>
              </lines>
            </method>
            <method name="get_print_message.issue" signature="" line-rate="1" branch-rate="0" complexity="0">
              <lines>
                <line number="56" hits="64" branch="false"/>
                <line number="57" hits="64" branch="false"/>
                <line number="58" hits="64" branch="false"/>
                <line number="59" hits="64" branch="false"/>
              </lines>
            </method>
          </methods>
          <lines>
            <line number="9" hits="2302" branch="false"/>
            <line number="12" hits="2092" branch="false"/>
            <line number="14" hits="210" branch="false"/>
            <line number="15" hits="210" branch="false"/>
            <line number="16" hits="210" branch="false"/>
            <line number="26" hits="210" branch="false"/>
            <line number="36" hits="64" branch="false"/>
            <line number="45" hits="0" branch="false"/>
            <line number="56" hits="64" branch="false"/>
            <line number="57" hits="64" branch="false"/>
            <line number="58" hits="64" branch="false"/>
            <line number="59" hits="64" branch="false"/>
          </lines>
        </class>
        <class name="misc_functions.R" filename="R/misc_functions.R" line-rate="0.857142857142857" branch-rate="0" complexity="0">
          <methods>
            <method name="factor_to_character" signature="" line-rate="0.6" branch-rate="0" complexity="0">
              <lines>
                <line number="12" hits="0" branch="false"/>
                <line number="14" hits="262" branch="false"/>
                <line number="15" hits="276" branch="false"/>
                <line number="16" hits="0" branch="false"/>
                <line number="19" hits="262" branch="false"/>
              </lines>
            </method>
            <method name="has_unique_rows" signature="" line-rate="1" branch-rate="0" complexity="0">
              <lines>
                <line number="31" hits="263" branch="false"/>
                <line number="32" hits="263" branch="false"/>
                <line number="33" hits="263" branch="false"/>
              </lines>
            </method>
            <method name="convert_to_issue" signature="" line-rate="1" branch-rate="0" complexity="0">
              <lines>
                <line number="42" hits="130" branch="false"/>
                <line number="43" hits="130" branch="false"/>
                <line number="44" hits="130" branch="false"/>
                <line number="45" hits="130" branch="false"/>
                <line number="47" hits="130" branch="false"/>
                <line number="48" hits="130" branch="false"/>
              </lines>
            </method>
          </methods>
          <lines>
            <line number="12" hits="0" branch="false"/>
            <line number="14" hits="262" branch="false"/>
            <line number="15" hits="276" branch="false"/>
            <line number="16" hits="0" branch="false"/>
            <line number="19" hits="262" branch="false"/>
            <line number="31" hits="263" branch="false"/>
            <line number="32" hits="263" branch="false"/>
            <line number="33" hits="263" branch="false"/>
            <line number="42" hits="130" branch="false"/>
            <line number="43" hits="130" branch="false"/>
            <line number="44" hits="130" branch="false"/>
            <line number="45" hits="130" branch="false"/>
            <line number="47" hits="130" branch="false"/>
            <line number="48" hits="130" branch="false"/>
          </lines>
        </class>
        <class name="print.R" filename="R/print.R" line-rate="0.91304347826087" branch-rate="0" complexity="0">
          <methods>
            <method name="print.diffdf" signature="" line-rate="0.91304347826087" branch-rate="0" complexity="0">
              <lines>
                <line number="17" hits="31" branch="false"/>
                <line number="18" hits="30" branch="false"/>
                <line number="19" hits="1" branch="false"/>
                <line number="21" hits="29" branch="false"/>
                <line number="22" hits="2" branch="false"/>
                <line number="24" hits="27" branch="false"/>
                <line number="25" hits="1" branch="false"/>
                <line number="28" hits="27" branch="false"/>
                <line number="29" hits="2" branch="false"/>
                <line number="31" hits="25" branch="false"/>
                <line number="33" hits="25" branch="false"/>
                <line number="34" hits="2" branch="false"/>
                <line number="36" hits="23" branch="false"/>
                <line number="37" hits="23" branch="false"/>
                <line number="38" hits="23" branch="false"/>
                <line number="39" hits="23" branch="false"/>
                <line number="40" hits="23" branch="false"/>
                <line number="41" hits="23" branch="false"/>
                <line number="42" hits="23" branch="false"/>
                <line number="44" hits="25" branch="false"/>
                <line number="45" hits="25" branch="false"/>
                <line number="47" hits="0" branch="false"/>
                <line number="48" hits="0" branch="false"/>
              </lines>
            </method>
          </methods>
          <lines>
            <line number="17" hits="31" branch="false"/>
            <line number="18" hits="30" branch="false"/>
            <line number="19" hits="1" branch="false"/>
            <line number="21" hits="29" branch="false"/>
            <line number="22" hits="2" branch="false"/>
            <line number="24" hits="27" branch="false"/>
            <line number="25" hits="1" branch="false"/>
            <line number="28" hits="27" branch="false"/>
            <line number="29" hits="2" branch="false"/>
            <line number="31" hits="25" branch="false"/>
            <line number="33" hits="25" branch="false"/>
            <line number="34" hits="2" branch="false"/>
            <line number="36" hits="23" branch="false"/>
            <line number="37" hits="23" branch="false"/>
            <line number="38" hits="23" branch="false"/>
            <line number="39" hits="23" branch="false"/>
            <line number="40" hits="23" branch="false"/>
            <line number="41" hits="23" branch="false"/>
            <line number="42" hits="23" branch="false"/>
            <line number="44" hits="25" branch="false"/>
            <line number="45" hits="25" branch="false"/>
            <line number="47" hits="0" branch="false"/>
            <line number="48" hits="0" branch="false"/>
          </lines>
        </class>
      </classes>
    </package>
  </packages>
</coverage>
