<?xml version="1.0" encoding="UTF-8"?>
<!DOCTYPE coverage SYSTEM "https://raw.githubusercontent.com/cobertura/cobertura/master/cobertura/src/site/htdocs/xml/coverage-04.dtd">
<coverage line-rate="0.946022727272727" branch-rate="0" lines-covered="666" lines-valid="704" branches-covered="0" branches-valid="0" complexity="0" version="3.6.4" timestamp="2025-08-26 20:36:13.695527">
  <sources>
    <source>/__w/diffdf/diffdf/diffdf</source>
  </sources>
  <packages>
    <package name="diffdf" line-rate="0.946022727272727" branch-rate="0" complexity="0">
      <classes>
        <class name="ascii_tables.R" filename="R/ascii_tables.R" line-rate="0.930434782608696" branch-rate="0" complexity="0">
          <methods>
            <method name="string_pad" signature="" line-rate="0.833333333333333" branch-rate="0" complexity="0">
              <lines>
                <line number="9" hits="1066" branch="false"/>
                <line number="10" hits="0" branch="false"/>
                <line number="12" hits="1066" branch="false"/>
                <line number="13" hits="1066" branch="false"/>
                <line number="14" hits="1066" branch="false"/>
                <line number="15" hits="1066" branch="false"/>
              </lines>
            </method>
            <method name="recursive_reduce" signature="" line-rate="1" branch-rate="0" complexity="0">
              <lines>
                <line number="32" hits="392" branch="false"/>
                <line number="33" hits="251" branch="false"/>
                <line number="34" hits="251" branch="false"/>
                <line number="36" hits="141" branch="false"/>
              </lines>
            </method>
            <method name="invert" signature="" line-rate="1" branch-rate="0" complexity="0">
              <lines>
                <line number="47" hits="43" branch="false"/>
                <line number="48" hits="43" branch="false"/>
                <line number="49" hits="43" branch="false"/>
                <line number="50" hits="43" branch="false"/>
                <line number="51" hits="129" branch="false"/>
                <line number="52" hits="129" branch="false"/>
                <line number="53" hits="372" branch="false"/>
                <line number="56" hits="43" branch="false"/>
              </lines>
            </method>
            <method name="as_ascii_table" signature="" line-rate="1" branch-rate="0" complexity="0">
              <lines>
                <line number="72" hits="43" branch="false"/>
                <line number="73" hits="43" branch="false"/>
                <line number="76" hits="43" branch="false"/>
                <line number="79" hits="43" branch="false"/>
                <line number="80" hits="43" branch="false"/>
                <line number="84" hits="43" branch="false"/>
                <line number="85" hits="124" branch="false"/>
                <line number="86" hits="124" branch="false"/>
                <line number="88" hits="124" branch="false"/>
                <line number="89" hits="124" branch="false"/>
                <line number="91" hits="124" branch="false"/>
                <line number="92" hits="124" branch="false"/>
                <line number="93" hits="124" branch="false"/>
                <line number="94" hits="124" branch="false"/>
                <line number="98" hits="43" branch="false"/>
                <line number="99" hits="43" branch="false"/>
                <line number="100" hits="43" branch="false"/>
                <line number="101" hits="43" branch="false"/>
                <line number="104" hits="43" branch="false"/>
                <line number="105" hits="43" branch="false"/>
                <line number="106" hits="43" branch="false"/>
                <line number="109" hits="43" branch="false"/>
                <line number="110" hits="43" branch="false"/>
                <line number="111" hits="43" branch="false"/>
                <line number="112" hits="43" branch="false"/>
                <line number="113" hits="43" branch="false"/>
                <line number="114" hits="43" branch="false"/>
                <line number="115" hits="43" branch="false"/>
              </lines>
            </method>
            <method name="as_fmt_char" signature="" line-rate="1" branch-rate="0" complexity="0">
              <lines>
                <line number="142" hits="193" branch="false"/>
              </lines>
            </method>
            <method name="as_fmt_char.numeric" signature="" line-rate="1" branch-rate="0" complexity="0">
              <lines>
                <line number="148" hits="38" branch="false"/>
              </lines>
            </method>
            <method name="as_fmt_char.NULL" signature="" line-rate="0" branch-rate="0" complexity="0">
              <lines>
                <line number="154" hits="0" branch="false"/>
              </lines>
            </method>
            <method name="as_fmt_char.list" signature="" line-rate="0.6875" branch-rate="0" complexity="0">
              <lines>
                <line number="161" hits="16" branch="false"/>
                <line number="162" hits="16" branch="false"/>
                <line number="163" hits="16" branch="false"/>
                <line number="164" hits="16" branch="false"/>
                <line number="165" hits="0" branch="false"/>
                <line number="166" hits="16" branch="false"/>
                <line number="167" hits="16" branch="false"/>
                <line number="168" hits="16" branch="false"/>
                <line number="169" hits="16" branch="false"/>
                <line number="170" hits="0" branch="false"/>
                <line number="171" hits="0" branch="false"/>
                <line number="172" hits="0" branch="false"/>
                <line number="173" hits="0" branch="false"/>
                <line number="174" hits="16" branch="false"/>
                <line number="175" hits="16" branch="false"/>
                <line number="176" hits="16" branch="false"/>
              </lines>
            </method>
            <method name="as_fmt_char.factor" signature="" line-rate="1" branch-rate="0" complexity="0">
              <lines>
                <line number="182" hits="3" branch="false"/>
              </lines>
            </method>
            <method name="as_fmt_char.character" signature="" line-rate="1" branch-rate="0" complexity="0">
              <lines>
                <line number="188" hits="131" branch="false"/>
                <line number="190" hits="131" branch="false"/>
                <line number="194" hits="131" branch="false"/>
                <line number="195" hits="131" branch="false"/>
                <line number="197" hits="131" branch="false"/>
                <line number="198" hits="131" branch="false"/>
                <line number="199" hits="131" branch="false"/>
                <line number="203" hits="131" branch="false"/>
                <line number="205" hits="131" branch="false"/>
              </lines>
            </method>
            <method name="as_fmt_char.default" signature="" line-rate="1" branch-rate="0" complexity="0">
              <lines>
                <line number="212" hits="6" branch="false"/>
                <line number="213" hits="6" branch="false"/>
                <line number="214" hits="6" branch="false"/>
                <line number="215" hits="6" branch="false"/>
                <line number="216" hits="6" branch="false"/>
                <line number="217" hits="6" branch="false"/>
                <line number="218" hits="6" branch="false"/>
                <line number="219" hits="6" branch="false"/>
                <line number="220" hits="5" branch="false"/>
              </lines>
            </method>
            <method name="as_fmt_char.POSIXt" signature="" line-rate="1" branch-rate="0" complexity="0">
              <lines>
                <line number="227" hits="4" branch="false"/>
              </lines>
            </method>
            <method name="get_table" signature="" line-rate="0.966666666666667" branch-rate="0" complexity="0">
              <lines>
                <line number="238" hits="40" branch="false"/>
                <line number="239" hits="0" branch="false"/>
                <line number="241" hits="40" branch="false"/>
                <line number="242" hits="37" branch="false"/>
                <line number="243" hits="37" branch="false"/>
                <line number="244" hits="37" branch="false"/>
                <line number="245" hits="37" branch="false"/>
                <line number="246" hits="37" branch="false"/>
                <line number="248" hits="40" branch="false"/>
                <line number="249" hits="3" branch="false"/>
                <line number="251" hits="37" branch="false"/>
                <line number="254" hits="40" branch="false"/>
                <line number="255" hits="5" branch="false"/>
                <line number="256" hits="5" branch="false"/>
                <line number="257" hits="5" branch="false"/>
                <line number="258" hits="5" branch="false"/>
                <line number="259" hits="5" branch="false"/>
                <line number="260" hits="5" branch="false"/>
                <line number="261" hits="5" branch="false"/>
                <line number="262" hits="40" branch="false"/>
                <line number="263" hits="35" branch="false"/>
                <line number="264" hits="40" branch="false"/>
                <line number="266" hits="40" branch="false"/>
                <line number="267" hits="40" branch="false"/>
                <line number="268" hits="40" branch="false"/>
                <line number="269" hits="40" branch="false"/>
                <line number="270" hits="40" branch="false"/>
                <line number="271" hits="40" branch="false"/>
                <line number="272" hits="40" branch="false"/>
                <line number="273" hits="40" branch="false"/>
              </lines>
            </method>
          </methods>
          <lines>
            <line number="9" hits="1066" branch="false"/>
            <line number="10" hits="0" branch="false"/>
            <line number="12" hits="1066" branch="false"/>
            <line number="13" hits="1066" branch="false"/>
            <line number="14" hits="1066" branch="false"/>
            <line number="15" hits="1066" branch="false"/>
            <line number="32" hits="392" branch="false"/>
            <line number="33" hits="251" branch="false"/>
            <line number="34" hits="251" branch="false"/>
            <line number="36" hits="141" branch="false"/>
            <line number="47" hits="43" branch="false"/>
            <line number="48" hits="43" branch="false"/>
            <line number="49" hits="43" branch="false"/>
            <line number="50" hits="43" branch="false"/>
            <line number="51" hits="129" branch="false"/>
            <line number="52" hits="129" branch="false"/>
            <line number="53" hits="372" branch="false"/>
            <line number="56" hits="43" branch="false"/>
            <line number="72" hits="43" branch="false"/>
            <line number="73" hits="43" branch="false"/>
            <line number="76" hits="43" branch="false"/>
            <line number="79" hits="43" branch="false"/>
            <line number="80" hits="43" branch="false"/>
            <line number="84" hits="43" branch="false"/>
            <line number="85" hits="124" branch="false"/>
            <line number="86" hits="124" branch="false"/>
            <line number="88" hits="124" branch="false"/>
            <line number="89" hits="124" branch="false"/>
            <line number="91" hits="124" branch="false"/>
            <line number="92" hits="124" branch="false"/>
            <line number="93" hits="124" branch="false"/>
            <line number="94" hits="124" branch="false"/>
            <line number="98" hits="43" branch="false"/>
            <line number="99" hits="43" branch="false"/>
            <line number="100" hits="43" branch="false"/>
            <line number="101" hits="43" branch="false"/>
            <line number="104" hits="43" branch="false"/>
            <line number="105" hits="43" branch="false"/>
            <line number="106" hits="43" branch="false"/>
            <line number="109" hits="43" branch="false"/>
            <line number="110" hits="43" branch="false"/>
            <line number="111" hits="43" branch="false"/>
            <line number="112" hits="43" branch="false"/>
            <line number="113" hits="43" branch="false"/>
            <line number="114" hits="43" branch="false"/>
            <line number="115" hits="43" branch="false"/>
            <line number="142" hits="193" branch="false"/>
            <line number="148" hits="38" branch="false"/>
            <line number="154" hits="0" branch="false"/>
            <line number="161" hits="16" branch="false"/>
            <line number="162" hits="16" branch="false"/>
            <line number="163" hits="16" branch="false"/>
            <line number="164" hits="16" branch="false"/>
            <line number="165" hits="0" branch="false"/>
            <line number="166" hits="16" branch="false"/>
            <line number="167" hits="16" branch="false"/>
            <line number="168" hits="16" branch="false"/>
            <line number="169" hits="16" branch="false"/>
            <line number="170" hits="0" branch="false"/>
            <line number="171" hits="0" branch="false"/>
            <line number="172" hits="0" branch="false"/>
            <line number="173" hits="0" branch="false"/>
            <line number="174" hits="16" branch="false"/>
            <line number="175" hits="16" branch="false"/>
            <line number="176" hits="16" branch="false"/>
            <line number="182" hits="3" branch="false"/>
            <line number="188" hits="131" branch="false"/>
            <line number="190" hits="131" branch="false"/>
            <line number="194" hits="131" branch="false"/>
            <line number="195" hits="131" branch="false"/>
            <line number="197" hits="131" branch="false"/>
            <line number="198" hits="131" branch="false"/>
            <line number="199" hits="131" branch="false"/>
            <line number="203" hits="131" branch="false"/>
            <line number="205" hits="131" branch="false"/>
            <line number="212" hits="6" branch="false"/>
            <line number="213" hits="6" branch="false"/>
            <line number="214" hits="6" branch="false"/>
            <line number="215" hits="6" branch="false"/>
            <line number="216" hits="6" branch="false"/>
            <line number="217" hits="6" branch="false"/>
            <line number="218" hits="6" branch="false"/>
            <line number="219" hits="6" branch="false"/>
            <line number="220" hits="5" branch="false"/>
            <line number="227" hits="4" branch="false"/>
            <line number="238" hits="40" branch="false"/>
            <line number="239" hits="0" branch="false"/>
            <line number="241" hits="40" branch="false"/>
            <line number="242" hits="37" branch="false"/>
            <line number="243" hits="37" branch="false"/>
            <line number="244" hits="37" branch="false"/>
            <line number="245" hits="37" branch="false"/>
            <line number="246" hits="37" branch="false"/>
            <line number="248" hits="40" branch="false"/>
            <line number="249" hits="3" branch="false"/>
            <line number="251" hits="37" branch="false"/>
            <line number="254" hits="40" branch="false"/>
            <line number="255" hits="5" branch="false"/>
            <line number="256" hits="5" branch="false"/>
            <line number="257" hits="5" branch="false"/>
            <line number="258" hits="5" branch="false"/>
            <line number="259" hits="5" branch="false"/>
            <line number="260" hits="5" branch="false"/>
            <line number="261" hits="5" branch="false"/>
            <line number="262" hits="40" branch="false"/>
            <line number="263" hits="35" branch="false"/>
            <line number="264" hits="40" branch="false"/>
            <line number="266" hits="40" branch="false"/>
            <line number="267" hits="40" branch="false"/>
            <line number="268" hits="40" branch="false"/>
            <line number="269" hits="40" branch="false"/>
            <line number="270" hits="40" branch="false"/>
            <line number="271" hits="40" branch="false"/>
            <line number="272" hits="40" branch="false"/>
            <line number="273" hits="40" branch="false"/>
          </lines>
        </class>
        <class name="cast_variables.R" filename="R/cast_variables.R" line-rate="1" branch-rate="0" complexity="0">
          <methods>
            <method name="sort_then_join" signature="" line-rate="1" branch-rate="0" complexity="0">
              <lines>
                <line number="8" hits="14" branch="false"/>
              </lines>
            </method>
            <method name="class_merge" signature="" line-rate="1" branch-rate="0" complexity="0">
              <lines>
                <line number="18" hits="304" branch="false"/>
              </lines>
            </method>
            <method name="get_message" signature="" line-rate="1" branch-rate="0" complexity="0">
              <lines>
                <line number="23" hits="12" branch="false"/>
                <line number="24" hits="12" branch="false"/>
                <line number="25" hits="12" branch="false"/>
              </lines>
            </method>
            <method name="get_casted_vector" signature="" line-rate="1" branch-rate="0" complexity="0">
              <lines>
                <line number="38" hits="24" branch="false"/>
                <line number="39" hits="6" branch="false"/>
                <line number="40" hits="6" branch="false"/>
                <line number="43" hits="18" branch="false"/>
                <line number="44" hits="6" branch="false"/>
                <line number="45" hits="6" branch="false"/>
                <line number="48" hits="12" branch="false"/>
              </lines>
            </method>
            <method name="get_casted_dataset" signature="" line-rate="1" branch-rate="0" complexity="0">
              <lines>
                <line number="62" hits="22" branch="false"/>
                <line number="63" hits="24" branch="false"/>
                <line number="65" hits="22" branch="false"/>
              </lines>
            </method>
            <method name="cast_variables" signature="" line-rate="1" branch-rate="0" complexity="0">
              <lines>
                <line number="91" hits="13" branch="false"/>
                <line number="93" hits="13" branch="false"/>
                <line number="94" hits="13" branch="false"/>
                <line number="95" hits="13" branch="false"/>
                <line number="96" hits="13" branch="false"/>
                <line number="97" hits="13" branch="false"/>
                <line number="98" hits="13" branch="false"/>
                <line number="101" hits="13" branch="false"/>
                <line number="102" hits="13" branch="false"/>
                <line number="103" hits="13" branch="false"/>
                <line number="104" hits="13" branch="false"/>
                <line number="105" hits="13" branch="false"/>
                <line number="106" hits="13" branch="false"/>
                <line number="108" hits="13" branch="false"/>
                <line number="109" hits="13" branch="false"/>
                <line number="110" hits="13" branch="false"/>
                <line number="111" hits="13" branch="false"/>
                <line number="112" hits="13" branch="false"/>
                <line number="115" hits="13" branch="false"/>
                <line number="118" hits="13" branch="false"/>
                <line number="119" hits="13" branch="false"/>
                <line number="120" hits="13" branch="false"/>
                <line number="121" hits="13" branch="false"/>
                <line number="122" hits="13" branch="false"/>
                <line number="125" hits="13" branch="false"/>
                <line number="128" hits="13" branch="false"/>
                <line number="129" hits="13" branch="false"/>
                <line number="130" hits="13" branch="false"/>
                <line number="131" hits="13" branch="false"/>
                <line number="133" hits="13" branch="false"/>
                <line number="134" hits="2" branch="false"/>
                <line number="138" hits="11" branch="false"/>
                <line number="139" hits="22" branch="false"/>
                <line number="142" hits="11" branch="false"/>
              </lines>
            </method>
          </methods>
          <lines>
            <line number="8" hits="14" branch="false"/>
            <line number="18" hits="304" branch="false"/>
            <line number="23" hits="12" branch="false"/>
            <line number="24" hits="12" branch="false"/>
            <line number="25" hits="12" branch="false"/>
            <line number="38" hits="24" branch="false"/>
            <line number="39" hits="6" branch="false"/>
            <line number="40" hits="6" branch="false"/>
            <line number="43" hits="18" branch="false"/>
            <line number="44" hits="6" branch="false"/>
            <line number="45" hits="6" branch="false"/>
            <line number="48" hits="12" branch="false"/>
            <line number="62" hits="22" branch="false"/>
            <line number="63" hits="24" branch="false"/>
            <line number="65" hits="22" branch="false"/>
            <line number="91" hits="13" branch="false"/>
            <line number="93" hits="13" branch="false"/>
            <line number="94" hits="13" branch="false"/>
            <line number="95" hits="13" branch="false"/>
            <line number="96" hits="13" branch="false"/>
            <line number="97" hits="13" branch="false"/>
            <line number="98" hits="13" branch="false"/>
            <line number="101" hits="13" branch="false"/>
            <line number="102" hits="13" branch="false"/>
            <line number="103" hits="13" branch="false"/>
            <line number="104" hits="13" branch="false"/>
            <line number="105" hits="13" branch="false"/>
            <line number="106" hits="13" branch="false"/>
            <line number="108" hits="13" branch="false"/>
            <line number="109" hits="13" branch="false"/>
            <line number="110" hits="13" branch="false"/>
            <line number="111" hits="13" branch="false"/>
            <line number="112" hits="13" branch="false"/>
            <line number="115" hits="13" branch="false"/>
            <line number="118" hits="13" branch="false"/>
            <line number="119" hits="13" branch="false"/>
            <line number="120" hits="13" branch="false"/>
            <line number="121" hits="13" branch="false"/>
            <line number="122" hits="13" branch="false"/>
            <line number="125" hits="13" branch="false"/>
            <line number="128" hits="13" branch="false"/>
            <line number="129" hits="13" branch="false"/>
            <line number="130" hits="13" branch="false"/>
            <line number="131" hits="13" branch="false"/>
            <line number="133" hits="13" branch="false"/>
            <line number="134" hits="2" branch="false"/>
            <line number="138" hits="11" branch="false"/>
            <line number="139" hits="22" branch="false"/>
            <line number="142" hits="11" branch="false"/>
          </lines>
        </class>
        <class name="diffdf.R" filename="R/diffdf.R" line-rate="0.910798122065728" branch-rate="0" complexity="0">
          <methods>
            <method name="diffdf" signature="" line-rate="0.910891089108911" branch-rate="0" complexity="0">
              <lines>
                <line number="100" hits="126" branch="false"/>
                <line number="101" hits="126" branch="false"/>
                <line number="102" hits="126" branch="false"/>
                <line number="103" hits="126" branch="false"/>
                <line number="104" hits="126" branch="false"/>
                <line number="106" hits="126" branch="false"/>
                <line number="107" hits="126" branch="false"/>
                <line number="108" hits="126" branch="false"/>
                <line number="109" hits="126" branch="false"/>
                <line number="112" hits="126" branch="false"/>
                <line number="113" hits="126" branch="false"/>
                <line number="116" hits="126" branch="false"/>
                <line number="117" hits="126" branch="false"/>
                <line number="118" hits="126" branch="false"/>
                <line number="119" hits="2" branch="false"/>
                <line number="121" hits="126" branch="false"/>
                <line number="122" hits="0" branch="false"/>
                <line number="125" hits="126" branch="false"/>
                <line number="126" hits="126" branch="false"/>
                <line number="127" hits="126" branch="false"/>
                <line number="128" hits="126" branch="false"/>
                <line number="131" hits="126" branch="false"/>
                <line number="134" hits="126" branch="false"/>
                <line number="135" hits="104" branch="false"/>
                <line number="136" hits="104" branch="false"/>
                <line number="137" hits="104" branch="false"/>
                <line number="138" hits="104" branch="false"/>
                <line number="139" hits="104" branch="false"/>
                <line number="141" hits="126" branch="false"/>
                <line number="143" hits="126" branch="false"/>
                <line number="144" hits="126" branch="false"/>
                <line number="145" hits="126" branch="false"/>
                <line number="146" hits="126" branch="false"/>
                <line number="148" hits="122" branch="false"/>
                <line number="149" hits="122" branch="false"/>
                <line number="150" hits="122" branch="false"/>
                <line number="151" hits="122" branch="false"/>
                <line number="152" hits="122" branch="false"/>
                <line number="153" hits="122" branch="false"/>
                <line number="154" hits="122" branch="false"/>
                <line number="155" hits="122" branch="false"/>
                <line number="157" hits="121" branch="false"/>
                <line number="158" hits="121" branch="false"/>
                <line number="159" hits="121" branch="false"/>
                <line number="160" hits="121" branch="false"/>
                <line number="161" hits="121" branch="false"/>
                <line number="162" hits="121" branch="false"/>
                <line number="163" hits="121" branch="false"/>
                <line number="164" hits="121" branch="false"/>
                <line number="166" hits="120" branch="false"/>
                <line number="167" hits="120" branch="false"/>
                <line number="168" hits="120" branch="false"/>
                <line number="169" hits="120" branch="false"/>
                <line number="171" hits="119" branch="false"/>
                <line number="172" hits="119" branch="false"/>
                <line number="173" hits="119" branch="false"/>
                <line number="174" hits="119" branch="false"/>
                <line number="180" hits="119" branch="false"/>
                <line number="181" hits="119" branch="false"/>
                <line number="182" hits="119" branch="false"/>
                <line number="183" hits="119" branch="false"/>
                <line number="186" hits="119" branch="false"/>
                <line number="187" hits="119" branch="false"/>
                <line number="188" hits="119" branch="false"/>
                <line number="189" hits="119" branch="false"/>
                <line number="193" hits="119" branch="false"/>
                <line number="194" hits="9" branch="false"/>
                <line number="195" hits="9" branch="false"/>
                <line number="196" hits="9" branch="false"/>
                <line number="197" hits="9" branch="false"/>
                <line number="198" hits="9" branch="false"/>
                <line number="199" hits="9" branch="false"/>
                <line number="200" hits="9" branch="false"/>
                <line number="202" hits="9" branch="false"/>
                <line number="203" hits="9" branch="false"/>
                <line number="207" hits="119" branch="false"/>
                <line number="208" hits="119" branch="false"/>
                <line number="209" hits="119" branch="false"/>
                <line number="210" hits="119" branch="false"/>
                <line number="213" hits="119" branch="false"/>
                <line number="214" hits="119" branch="false"/>
                <line number="215" hits="119" branch="false"/>
                <line number="216" hits="119" branch="false"/>
                <line number="223" hits="119" branch="false"/>
                <line number="224" hits="119" branch="false"/>
                <line number="226" hits="119" branch="false"/>
                <line number="227" hits="119" branch="false"/>
                <line number="228" hits="119" branch="false"/>
                <line number="229" hits="119" branch="false"/>
                <line number="231" hits="119" branch="false"/>
                <line number="232" hits="119" branch="false"/>
                <line number="233" hits="119" branch="false"/>
                <line number="234" hits="119" branch="false"/>
                <line number="237" hits="119" branch="false"/>
                <line number="238" hits="119" branch="false"/>
                <line number="239" hits="119" branch="false"/>
                <line number="240" hits="119" branch="false"/>
                <line number="241" hits="118" branch="false"/>
                <line number="242" hits="118" branch="false"/>
                <line number="243" hits="118" branch="false"/>
                <line number="244" hits="118" branch="false"/>
                <line number="245" hits="117" branch="false"/>
                <line number="246" hits="117" branch="false"/>
                <line number="247" hits="117" branch="false"/>
                <line number="248" hits="117" branch="false"/>
                <line number="249" hits="115" branch="false"/>
                <line number="250" hits="115" branch="false"/>
                <line number="251" hits="115" branch="false"/>
                <line number="252" hits="115" branch="false"/>
                <line number="255" hits="114" branch="false"/>
                <line number="256" hits="114" branch="false"/>
                <line number="257" hits="114" branch="false"/>
                <line number="258" hits="114" branch="false"/>
                <line number="259" hits="114" branch="false"/>
                <line number="260" hits="114" branch="false"/>
                <line number="262" hits="114" branch="false"/>
                <line number="263" hits="5" branch="false"/>
                <line number="264" hits="4" branch="false"/>
                <line number="265" hits="4" branch="false"/>
                <line number="267" hits="1" branch="false"/>
                <line number="268" hits="1" branch="false"/>
                <line number="270" hits="5" branch="false"/>
                <line number="271" hits="5" branch="false"/>
                <line number="272" hits="5" branch="false"/>
                <line number="273" hits="5" branch="false"/>
                <line number="274" hits="5" branch="false"/>
                <line number="275" hits="5" branch="false"/>
                <line number="276" hits="5" branch="false"/>
                <line number="281" hits="114" branch="false"/>
                <line number="282" hits="114" branch="false"/>
                <line number="283" hits="114" branch="false"/>
                <line number="284" hits="114" branch="false"/>
                <line number="289" hits="114" branch="false"/>
                <line number="290" hits="114" branch="false"/>
                <line number="293" hits="114" branch="false"/>
                <line number="294" hits="114" branch="false"/>
                <line number="295" hits="114" branch="false"/>
                <line number="296" hits="114" branch="false"/>
                <line number="299" hits="114" branch="false"/>
                <line number="300" hits="114" branch="false"/>
                <line number="301" hits="114" branch="false"/>
                <line number="302" hits="114" branch="false"/>
                <line number="305" hits="114" branch="false"/>
                <line number="306" hits="114" branch="false"/>
                <line number="307" hits="114" branch="false"/>
                <line number="308" hits="114" branch="false"/>
                <line number="311" hits="114" branch="false"/>
                <line number="312" hits="114" branch="false"/>
                <line number="313" hits="114" branch="false"/>
                <line number="314" hits="114" branch="false"/>
                <line number="317" hits="114" branch="false"/>
                <line number="318" hits="114" branch="false"/>
                <line number="319" hits="114" branch="false"/>
                <line number="320" hits="114" branch="false"/>
                <line number="321" hits="114" branch="false"/>
                <line number="327" hits="114" branch="false"/>
                <line number="328" hits="108" branch="false"/>
                <line number="329" hits="108" branch="false"/>
                <line number="330" hits="108" branch="false"/>
                <line number="331" hits="108" branch="false"/>
                <line number="332" hits="108" branch="false"/>
                <line number="336" hits="114" branch="false"/>
                <line number="337" hits="921" branch="false"/>
                <line number="338" hits="921" branch="false"/>
                <line number="339" hits="921" branch="false"/>
                <line number="340" hits="921" branch="false"/>
                <line number="346" hits="114" branch="false"/>
                <line number="347" hits="114" branch="false"/>
                <line number="348" hits="114" branch="false"/>
                <line number="349" hits="114" branch="false"/>
                <line number="350" hits="114" branch="false"/>
                <line number="351" hits="112" branch="false"/>
                <line number="355" hits="114" branch="false"/>
                <line number="356" hits="114" branch="false"/>
                <line number="357" hits="114" branch="false"/>
                <line number="359" hits="114" branch="false"/>
                <line number="360" hits="75" branch="false"/>
                <line number="361" hits="46" branch="false"/>
                <line number="362" hits="46" branch="false"/>
                <line number="368" hits="114" branch="false"/>
                <line number="369" hits="38" branch="false"/>
                <line number="374" hits="114" branch="false"/>
                <line number="375" hits="1" branch="false"/>
                <line number="379" hits="114" branch="false"/>
                <line number="380" hits="0" branch="false"/>
                <line number="382" hits="0" branch="false"/>
                <line number="383" hits="0" branch="false"/>
                <line number="384" hits="0" branch="false"/>
                <line number="385" hits="0" branch="false"/>
                <line number="386" hits="0" branch="false"/>
                <line number="387" hits="0" branch="false"/>
                <line number="388" hits="0" branch="false"/>
                <line number="389" hits="0" branch="false"/>
                <line number="390" hits="0" branch="false"/>
                <line number="391" hits="0" branch="false"/>
                <line number="392" hits="0" branch="false"/>
                <line number="393" hits="0" branch="false"/>
                <line number="394" hits="0" branch="false"/>
                <line number="395" hits="0" branch="false"/>
                <line number="396" hits="0" branch="false"/>
                <line number="397" hits="0" branch="false"/>
                <line number="400" hits="114" branch="false"/>
              </lines>
            </method>
            <method name="diffdf_has_issues" signature="" line-rate="0.5" branch-rate="0" complexity="0">
              <lines>
                <line number="424" hits="0" branch="false"/>
                <line number="425" hits="3" branch="false"/>
              </lines>
            </method>
            <method name="assert_valid_keys" signature="" line-rate="1" branch-rate="0" complexity="0">
              <lines>
                <line number="442" hits="469" branch="false"/>
                <line number="443" hits="469" branch="false"/>
                <line number="444" hits="469" branch="false"/>
                <line number="445" hits="469" branch="false"/>
                <line number="446" hits="469" branch="false"/>
                <line number="447" hits="469" branch="false"/>
                <line number="448" hits="469" branch="false"/>
                <line number="449" hits="469" branch="false"/>
                <line number="450" hits="469" branch="false"/>
              </lines>
            </method>
          </methods>
          <lines>
            <line number="100" hits="126" branch="false"/>
            <line number="101" hits="126" branch="false"/>
            <line number="102" hits="126" branch="false"/>
            <line number="103" hits="126" branch="false"/>
            <line number="104" hits="126" branch="false"/>
            <line number="106" hits="126" branch="false"/>
            <line number="107" hits="126" branch="false"/>
            <line number="108" hits="126" branch="false"/>
            <line number="109" hits="126" branch="false"/>
            <line number="112" hits="126" branch="false"/>
            <line number="113" hits="126" branch="false"/>
            <line number="116" hits="126" branch="false"/>
            <line number="117" hits="126" branch="false"/>
            <line number="118" hits="126" branch="false"/>
            <line number="119" hits="2" branch="false"/>
            <line number="121" hits="126" branch="false"/>
            <line number="122" hits="0" branch="false"/>
            <line number="125" hits="126" branch="false"/>
            <line number="126" hits="126" branch="false"/>
            <line number="127" hits="126" branch="false"/>
            <line number="128" hits="126" branch="false"/>
            <line number="131" hits="126" branch="false"/>
            <line number="134" hits="126" branch="false"/>
            <line number="135" hits="104" branch="false"/>
            <line number="136" hits="104" branch="false"/>
            <line number="137" hits="104" branch="false"/>
            <line number="138" hits="104" branch="false"/>
            <line number="139" hits="104" branch="false"/>
            <line number="141" hits="126" branch="false"/>
            <line number="143" hits="126" branch="false"/>
            <line number="144" hits="126" branch="false"/>
            <line number="145" hits="126" branch="false"/>
            <line number="146" hits="126" branch="false"/>
            <line number="148" hits="122" branch="false"/>
            <line number="149" hits="122" branch="false"/>
            <line number="150" hits="122" branch="false"/>
            <line number="151" hits="122" branch="false"/>
            <line number="152" hits="122" branch="false"/>
            <line number="153" hits="122" branch="false"/>
            <line number="154" hits="122" branch="false"/>
            <line number="155" hits="122" branch="false"/>
            <line number="157" hits="121" branch="false"/>
            <line number="158" hits="121" branch="false"/>
            <line number="159" hits="121" branch="false"/>
            <line number="160" hits="121" branch="false"/>
            <line number="161" hits="121" branch="false"/>
            <line number="162" hits="121" branch="false"/>
            <line number="163" hits="121" branch="false"/>
            <line number="164" hits="121" branch="false"/>
            <line number="166" hits="120" branch="false"/>
            <line number="167" hits="120" branch="false"/>
            <line number="168" hits="120" branch="false"/>
            <line number="169" hits="120" branch="false"/>
            <line number="171" hits="119" branch="false"/>
            <line number="172" hits="119" branch="false"/>
            <line number="173" hits="119" branch="false"/>
            <line number="174" hits="119" branch="false"/>
            <line number="180" hits="119" branch="false"/>
            <line number="181" hits="119" branch="false"/>
            <line number="182" hits="119" branch="false"/>
            <line number="183" hits="119" branch="false"/>
            <line number="186" hits="119" branch="false"/>
            <line number="187" hits="119" branch="false"/>
            <line number="188" hits="119" branch="false"/>
            <line number="189" hits="119" branch="false"/>
            <line number="193" hits="119" branch="false"/>
            <line number="194" hits="9" branch="false"/>
            <line number="195" hits="9" branch="false"/>
            <line number="196" hits="9" branch="false"/>
            <line number="197" hits="9" branch="false"/>
            <line number="198" hits="9" branch="false"/>
            <line number="199" hits="9" branch="false"/>
            <line number="200" hits="9" branch="false"/>
            <line number="202" hits="9" branch="false"/>
            <line number="203" hits="9" branch="false"/>
            <line number="207" hits="119" branch="false"/>
            <line number="208" hits="119" branch="false"/>
            <line number="209" hits="119" branch="false"/>
            <line number="210" hits="119" branch="false"/>
            <line number="213" hits="119" branch="false"/>
            <line number="214" hits="119" branch="false"/>
            <line number="215" hits="119" branch="false"/>
            <line number="216" hits="119" branch="false"/>
            <line number="223" hits="119" branch="false"/>
            <line number="224" hits="119" branch="false"/>
            <line number="226" hits="119" branch="false"/>
            <line number="227" hits="119" branch="false"/>
            <line number="228" hits="119" branch="false"/>
            <line number="229" hits="119" branch="false"/>
            <line number="231" hits="119" branch="false"/>
            <line number="232" hits="119" branch="false"/>
            <line number="233" hits="119" branch="false"/>
            <line number="234" hits="119" branch="false"/>
            <line number="237" hits="119" branch="false"/>
            <line number="238" hits="119" branch="false"/>
            <line number="239" hits="119" branch="false"/>
            <line number="240" hits="119" branch="false"/>
            <line number="241" hits="118" branch="false"/>
            <line number="242" hits="118" branch="false"/>
            <line number="243" hits="118" branch="false"/>
            <line number="244" hits="118" branch="false"/>
            <line number="245" hits="117" branch="false"/>
            <line number="246" hits="117" branch="false"/>
            <line number="247" hits="117" branch="false"/>
            <line number="248" hits="117" branch="false"/>
            <line number="249" hits="115" branch="false"/>
            <line number="250" hits="115" branch="false"/>
            <line number="251" hits="115" branch="false"/>
            <line number="252" hits="115" branch="false"/>
            <line number="255" hits="114" branch="false"/>
            <line number="256" hits="114" branch="false"/>
            <line number="257" hits="114" branch="false"/>
            <line number="258" hits="114" branch="false"/>
            <line number="259" hits="114" branch="false"/>
            <line number="260" hits="114" branch="false"/>
            <line number="262" hits="114" branch="false"/>
            <line number="263" hits="5" branch="false"/>
            <line number="264" hits="4" branch="false"/>
            <line number="265" hits="4" branch="false"/>
            <line number="267" hits="1" branch="false"/>
            <line number="268" hits="1" branch="false"/>
            <line number="270" hits="5" branch="false"/>
            <line number="271" hits="5" branch="false"/>
            <line number="272" hits="5" branch="false"/>
            <line number="273" hits="5" branch="false"/>
            <line number="274" hits="5" branch="false"/>
            <line number="275" hits="5" branch="false"/>
            <line number="276" hits="5" branch="false"/>
            <line number="281" hits="114" branch="false"/>
            <line number="282" hits="114" branch="false"/>
            <line number="283" hits="114" branch="false"/>
            <line number="284" hits="114" branch="false"/>
            <line number="289" hits="114" branch="false"/>
            <line number="290" hits="114" branch="false"/>
            <line number="293" hits="114" branch="false"/>
            <line number="294" hits="114" branch="false"/>
            <line number="295" hits="114" branch="false"/>
            <line number="296" hits="114" branch="false"/>
            <line number="299" hits="114" branch="false"/>
            <line number="300" hits="114" branch="false"/>
            <line number="301" hits="114" branch="false"/>
            <line number="302" hits="114" branch="false"/>
            <line number="305" hits="114" branch="false"/>
            <line number="306" hits="114" branch="false"/>
            <line number="307" hits="114" branch="false"/>
            <line number="308" hits="114" branch="false"/>
            <line number="311" hits="114" branch="false"/>
            <line number="312" hits="114" branch="false"/>
            <line number="313" hits="114" branch="false"/>
            <line number="314" hits="114" branch="false"/>
            <line number="317" hits="114" branch="false"/>
            <line number="318" hits="114" branch="false"/>
            <line number="319" hits="114" branch="false"/>
            <line number="320" hits="114" branch="false"/>
            <line number="321" hits="114" branch="false"/>
            <line number="327" hits="114" branch="false"/>
            <line number="328" hits="108" branch="false"/>
            <line number="329" hits="108" branch="false"/>
            <line number="330" hits="108" branch="false"/>
            <line number="331" hits="108" branch="false"/>
            <line number="332" hits="108" branch="false"/>
            <line number="336" hits="114" branch="false"/>
            <line number="337" hits="921" branch="false"/>
            <line number="338" hits="921" branch="false"/>
            <line number="339" hits="921" branch="false"/>
            <line number="340" hits="921" branch="false"/>
            <line number="346" hits="114" branch="false"/>
            <line number="347" hits="114" branch="false"/>
            <line number="348" hits="114" branch="false"/>
            <line number="349" hits="114" branch="false"/>
            <line number="350" hits="114" branch="false"/>
            <line number="351" hits="112" branch="false"/>
            <line number="355" hits="114" branch="false"/>
            <line number="356" hits="114" branch="false"/>
            <line number="357" hits="114" branch="false"/>
            <line number="359" hits="114" branch="false"/>
            <line number="360" hits="75" branch="false"/>
            <line number="361" hits="46" branch="false"/>
            <line number="362" hits="46" branch="false"/>
            <line number="368" hits="114" branch="false"/>
            <line number="369" hits="38" branch="false"/>
            <line number="374" hits="114" branch="false"/>
            <line number="375" hits="1" branch="false"/>
            <line number="379" hits="114" branch="false"/>
            <line number="380" hits="0" branch="false"/>
            <line number="382" hits="0" branch="false"/>
            <line number="383" hits="0" branch="false"/>
            <line number="384" hits="0" branch="false"/>
            <line number="385" hits="0" branch="false"/>
            <line number="386" hits="0" branch="false"/>
            <line number="387" hits="0" branch="false"/>
            <line number="388" hits="0" branch="false"/>
            <line number="389" hits="0" branch="false"/>
            <line number="390" hits="0" branch="false"/>
            <line number="391" hits="0" branch="false"/>
            <line number="392" hits="0" branch="false"/>
            <line number="393" hits="0" branch="false"/>
            <line number="394" hits="0" branch="false"/>
            <line number="395" hits="0" branch="false"/>
            <line number="396" hits="0" branch="false"/>
            <line number="397" hits="0" branch="false"/>
            <line number="400" hits="114" branch="false"/>
            <line number="424" hits="0" branch="false"/>
            <line number="425" hits="3" branch="false"/>
            <line number="442" hits="469" branch="false"/>
            <line number="443" hits="469" branch="false"/>
            <line number="444" hits="469" branch="false"/>
            <line number="445" hits="469" branch="false"/>
            <line number="446" hits="469" branch="false"/>
            <line number="447" hits="469" branch="false"/>
            <line number="448" hits="469" branch="false"/>
            <line number="449" hits="469" branch="false"/>
            <line number="450" hits="469" branch="false"/>
          </lines>
        </class>
        <class name="generate_keyname.R" filename="R/generate_keyname.R" line-rate="1" branch-rate="0" complexity="0">
          <methods>
            <method name="generate_keyname" signature="" line-rate="1" branch-rate="0" complexity="0">
              <lines>
                <line number="15" hits="195" branch="false"/>
                <line number="16" hits="195" branch="false"/>
                <line number="17" hits="195" branch="false"/>
                <line number="18" hits="195" branch="false"/>
                <line number="20" hits="195" branch="false"/>
                <line number="21" hits="195" branch="false"/>
                <line number="22" hits="195" branch="false"/>
                <line number="23" hits="195" branch="false"/>
                <line number="26" hits="187" branch="false"/>
                <line number="28" hits="187" branch="false"/>
                <line number="29" hits="66" branch="false"/>
                <line number="31" hits="155" branch="false"/>
              </lines>
            </method>
          </methods>
          <lines>
            <line number="15" hits="195" branch="false"/>
            <line number="16" hits="195" branch="false"/>
            <line number="17" hits="195" branch="false"/>
            <line number="18" hits="195" branch="false"/>
            <line number="20" hits="195" branch="false"/>
            <line number="21" hits="195" branch="false"/>
            <line number="22" hits="195" branch="false"/>
            <line number="23" hits="195" branch="false"/>
            <line number="26" hits="187" branch="false"/>
            <line number="28" hits="187" branch="false"/>
            <line number="29" hits="66" branch="false"/>
            <line number="31" hits="155" branch="false"/>
          </lines>
        </class>
        <class name="identify.R" filename="R/identify.R" line-rate="0.947368421052632" branch-rate="0" complexity="0">
          <methods>
            <method name="identify_extra_rows" signature="" line-rate="1" branch-rate="0" complexity="0">
              <lines>
                <line number="9" hits="228" branch="false"/>
                <line number="10" hits="10" branch="false"/>
                <line number="12" hits="218" branch="false"/>
                <line number="13" hits="218" branch="false"/>
                <line number="14" hits="218" branch="false"/>
                <line number="15" hits="218" branch="false"/>
                <line number="16" hits="218" branch="false"/>
                <line number="17" hits="218" branch="false"/>
                <line number="18" hits="218" branch="false"/>
                <line number="19" hits="218" branch="false"/>
                <line number="21" hits="218" branch="false"/>
              </lines>
            </method>
            <method name="identify_extra_cols" signature="" line-rate="1" branch-rate="0" complexity="0">
              <lines>
                <line number="34" hits="228" branch="false"/>
                <line number="35" hits="228" branch="false"/>
                <line number="36" hits="228" branch="false"/>
                <line number="37" hits="228" branch="false"/>
                <line number="38" hits="228" branch="false"/>
                <line number="39" hits="228" branch="false"/>
                <line number="40" hits="228" branch="false"/>
                <line number="41" hits="228" branch="false"/>
              </lines>
            </method>
            <method name="identify_matching_cols" signature="" line-rate="1" branch-rate="0" complexity="0">
              <lines>
                <line number="58" hits="776" branch="false"/>
                <line number="59" hits="776" branch="false"/>
                <line number="60" hits="776" branch="false"/>
              </lines>
            </method>
            <method name="identify_unsupported_cols" signature="" line-rate="1" branch-rate="0" complexity="0">
              <lines>
                <line number="73" hits="238" branch="false"/>
                <line number="74" hits="238" branch="false"/>
                <line number="75" hits="238" branch="false"/>
                <line number="76" hits="238" branch="false"/>
                <line number="78" hits="238" branch="false"/>
              </lines>
            </method>
            <method name="identify_mode_differences" signature="" line-rate="1" branch-rate="0" complexity="0">
              <lines>
                <line number="90" hits="419" branch="false"/>
                <line number="92" hits="419" branch="false"/>
                <line number="93" hits="419" branch="false"/>
                <line number="94" hits="419" branch="false"/>
                <line number="95" hits="419" branch="false"/>
                <line number="96" hits="419" branch="false"/>
                <line number="97" hits="419" branch="false"/>
                <line number="98" hits="419" branch="false"/>
                <line number="99" hits="419" branch="false"/>
                <line number="100" hits="419" branch="false"/>
                <line number="102" hits="419" branch="false"/>
                <line number="103" hits="419" branch="false"/>
                <line number="105" hits="419" branch="false"/>
              </lines>
            </method>
            <method name="identify_class_differences" signature="" line-rate="1" branch-rate="0" complexity="0">
              <lines>
                <line number="117" hits="119" branch="false"/>
                <line number="119" hits="119" branch="false"/>
                <line number="120" hits="119" branch="false"/>
                <line number="121" hits="119" branch="false"/>
                <line number="122" hits="119" branch="false"/>
                <line number="123" hits="119" branch="false"/>
                <line number="124" hits="119" branch="false"/>
                <line number="125" hits="119" branch="false"/>
                <line number="126" hits="119" branch="false"/>
                <line number="128" hits="119" branch="false"/>
                <line number="130" hits="119" branch="false"/>
                <line number="131" hits="119" branch="false"/>
                <line number="132" hits="119" branch="false"/>
                <line number="133" hits="119" branch="false"/>
                <line number="134" hits="119" branch="false"/>
                <line number="135" hits="119" branch="false"/>
                <line number="137" hits="119" branch="false"/>
              </lines>
            </method>
            <method name="identify_att_differences" signature="" line-rate="1" branch-rate="0" complexity="0">
              <lines>
                <line number="151" hits="124" branch="false"/>
                <line number="153" hits="124" branch="false"/>
                <line number="154" hits="124" branch="false"/>
                <line number="155" hits="124" branch="false"/>
                <line number="156" hits="124" branch="false"/>
                <line number="157" hits="124" branch="false"/>
                <line number="158" hits="124" branch="false"/>
                <line number="159" hits="124" branch="false"/>
                <line number="160" hits="124" branch="false"/>
                <line number="162" hits="124" branch="false"/>
                <line number="164" hits="124" branch="false"/>
                <line number="168" hits="124" branch="false"/>
                <line number="169" hits="124" branch="false"/>
                <line number="170" hits="124" branch="false"/>
                <line number="171" hits="124" branch="false"/>
                <line number="172" hits="124" branch="false"/>
                <line number="173" hits="124" branch="false"/>
                <line number="175" hits="124" branch="false"/>
                <line number="176" hits="1163" branch="false"/>
                <line number="179" hits="1163" branch="false"/>
                <line number="180" hits="1163" branch="false"/>
                <line number="181" hits="1163" branch="false"/>
                <line number="182" hits="1163" branch="false"/>
                <line number="185" hits="856" branch="false"/>
                <line number="189" hits="307" branch="false"/>
                <line number="190" hits="528" branch="false"/>
                <line number="191" hits="528" branch="false"/>
                <line number="193" hits="528" branch="false"/>
                <line number="194" hits="64" branch="false"/>
                <line number="195" hits="64" branch="false"/>
                <line number="196" hits="64" branch="false"/>
                <line number="197" hits="64" branch="false"/>
                <line number="198" hits="64" branch="false"/>
                <line number="199" hits="64" branch="false"/>
                <line number="201" hits="64" branch="false"/>
                <line number="205" hits="124" branch="false"/>
              </lines>
            </method>
            <method name="identify_differences" signature="" line-rate="1" branch-rate="0" complexity="0">
              <lines>
                <line number="232" hits="114" branch="false"/>
                <line number="234" hits="114" branch="false"/>
                <line number="235" hits="2" branch="false"/>
                <line number="238" hits="112" branch="false"/>
                <line number="239" hits="112" branch="false"/>
                <line number="240" hits="112" branch="false"/>
                <line number="241" hits="112" branch="false"/>
                <line number="242" hits="112" branch="false"/>
                <line number="243" hits="112" branch="false"/>
                <line number="244" hits="112" branch="false"/>
                <line number="245" hits="112" branch="false"/>
                <line number="246" hits="4" branch="false"/>
                <line number="248" hits="108" branch="false"/>
                <line number="250" hits="108" branch="false"/>
                <line number="251" hits="108" branch="false"/>
                <line number="252" hits="108" branch="false"/>
                <line number="253" hits="108" branch="false"/>
                <line number="254" hits="108" branch="false"/>
                <line number="255" hits="108" branch="false"/>
                <line number="256" hits="108" branch="false"/>
                <line number="257" hits="108" branch="false"/>
                <line number="258" hits="108" branch="false"/>
                <line number="259" hits="108" branch="false"/>
                <line number="260" hits="108" branch="false"/>
                <line number="262" hits="108" branch="false"/>
              </lines>
            </method>
            <method name="identify_properties" signature="" line-rate="0.5" branch-rate="0" complexity="0">
              <lines>
                <line number="282" hits="1562" branch="false"/>
                <line number="283" hits="0" branch="false"/>
                <line number="284" hits="0" branch="false"/>
                <line number="285" hits="0" branch="false"/>
                <line number="286" hits="0" branch="false"/>
                <line number="287" hits="0" branch="false"/>
                <line number="288" hits="0" branch="false"/>
                <line number="289" hits="0" branch="false"/>
                <line number="290" hits="0" branch="false"/>
                <line number="293" hits="1562" branch="false"/>
                <line number="294" hits="1562" branch="false"/>
                <line number="295" hits="1562" branch="false"/>
                <line number="296" hits="1562" branch="false"/>
                <line number="297" hits="1562" branch="false"/>
                <line number="298" hits="1562" branch="false"/>
                <line number="299" hits="1562" branch="false"/>
              </lines>
            </method>
            <method name="identify_column_order_differences" signature="" line-rate="1" branch-rate="0" complexity="0">
              <lines>
                <line number="313" hits="8" branch="false"/>
                <line number="314" hits="8" branch="false"/>
                <line number="315" hits="8" branch="false"/>
                <line number="316" hits="8" branch="false"/>
                <line number="317" hits="8" branch="false"/>
                <line number="318" hits="8" branch="false"/>
                <line number="319" hits="8" branch="false"/>
                <line number="320" hits="8" branch="false"/>
                <line number="321" hits="8" branch="false"/>
                <line number="322" hits="8" branch="false"/>
                <line number="323" hits="8" branch="false"/>
                <line number="324" hits="8" branch="false"/>
                <line number="325" hits="8" branch="false"/>
                <line number="326" hits="8" branch="false"/>
                <line number="327" hits="8" branch="false"/>
                <line number="328" hits="8" branch="false"/>
                <line number="329" hits="8" branch="false"/>
                <line number="330" hits="8" branch="false"/>
              </lines>
            </method>
          </methods>
          <lines>
            <line number="9" hits="228" branch="false"/>
            <line number="10" hits="10" branch="false"/>
            <line number="12" hits="218" branch="false"/>
            <line number="13" hits="218" branch="false"/>
            <line number="14" hits="218" branch="false"/>
            <line number="15" hits="218" branch="false"/>
            <line number="16" hits="218" branch="false"/>
            <line number="17" hits="218" branch="false"/>
            <line number="18" hits="218" branch="false"/>
            <line number="19" hits="218" branch="false"/>
            <line number="21" hits="218" branch="false"/>
            <line number="34" hits="228" branch="false"/>
            <line number="35" hits="228" branch="false"/>
            <line number="36" hits="228" branch="false"/>
            <line number="37" hits="228" branch="false"/>
            <line number="38" hits="228" branch="false"/>
            <line number="39" hits="228" branch="false"/>
            <line number="40" hits="228" branch="false"/>
            <line number="41" hits="228" branch="false"/>
            <line number="58" hits="776" branch="false"/>
            <line number="59" hits="776" branch="false"/>
            <line number="60" hits="776" branch="false"/>
            <line number="73" hits="238" branch="false"/>
            <line number="74" hits="238" branch="false"/>
            <line number="75" hits="238" branch="false"/>
            <line number="76" hits="238" branch="false"/>
            <line number="78" hits="238" branch="false"/>
            <line number="90" hits="419" branch="false"/>
            <line number="92" hits="419" branch="false"/>
            <line number="93" hits="419" branch="false"/>
            <line number="94" hits="419" branch="false"/>
            <line number="95" hits="419" branch="false"/>
            <line number="96" hits="419" branch="false"/>
            <line number="97" hits="419" branch="false"/>
            <line number="98" hits="419" branch="false"/>
            <line number="99" hits="419" branch="false"/>
            <line number="100" hits="419" branch="false"/>
            <line number="102" hits="419" branch="false"/>
            <line number="103" hits="419" branch="false"/>
            <line number="105" hits="419" branch="false"/>
            <line number="117" hits="119" branch="false"/>
            <line number="119" hits="119" branch="false"/>
            <line number="120" hits="119" branch="false"/>
            <line number="121" hits="119" branch="false"/>
            <line number="122" hits="119" branch="false"/>
            <line number="123" hits="119" branch="false"/>
            <line number="124" hits="119" branch="false"/>
            <line number="125" hits="119" branch="false"/>
            <line number="126" hits="119" branch="false"/>
            <line number="128" hits="119" branch="false"/>
            <line number="130" hits="119" branch="false"/>
            <line number="131" hits="119" branch="false"/>
            <line number="132" hits="119" branch="false"/>
            <line number="133" hits="119" branch="false"/>
            <line number="134" hits="119" branch="false"/>
            <line number="135" hits="119" branch="false"/>
            <line number="137" hits="119" branch="false"/>
            <line number="151" hits="124" branch="false"/>
            <line number="153" hits="124" branch="false"/>
            <line number="154" hits="124" branch="false"/>
            <line number="155" hits="124" branch="false"/>
            <line number="156" hits="124" branch="false"/>
            <line number="157" hits="124" branch="false"/>
            <line number="158" hits="124" branch="false"/>
            <line number="159" hits="124" branch="false"/>
            <line number="160" hits="124" branch="false"/>
            <line number="162" hits="124" branch="false"/>
            <line number="164" hits="124" branch="false"/>
            <line number="168" hits="124" branch="false"/>
            <line number="169" hits="124" branch="false"/>
            <line number="170" hits="124" branch="false"/>
            <line number="171" hits="124" branch="false"/>
            <line number="172" hits="124" branch="false"/>
            <line number="173" hits="124" branch="false"/>
            <line number="175" hits="124" branch="false"/>
            <line number="176" hits="1163" branch="false"/>
            <line number="179" hits="1163" branch="false"/>
            <line number="180" hits="1163" branch="false"/>
            <line number="181" hits="1163" branch="false"/>
            <line number="182" hits="1163" branch="false"/>
            <line number="185" hits="856" branch="false"/>
            <line number="189" hits="307" branch="false"/>
            <line number="190" hits="528" branch="false"/>
            <line number="191" hits="528" branch="false"/>
            <line number="193" hits="528" branch="false"/>
            <line number="194" hits="64" branch="false"/>
            <line number="195" hits="64" branch="false"/>
            <line number="196" hits="64" branch="false"/>
            <line number="197" hits="64" branch="false"/>
            <line number="198" hits="64" branch="false"/>
            <line number="199" hits="64" branch="false"/>
            <line number="201" hits="64" branch="false"/>
            <line number="205" hits="124" branch="false"/>
            <line number="232" hits="114" branch="false"/>
            <line number="234" hits="114" branch="false"/>
            <line number="235" hits="2" branch="false"/>
            <line number="238" hits="112" branch="false"/>
            <line number="239" hits="112" branch="false"/>
            <line number="240" hits="112" branch="false"/>
            <line number="241" hits="112" branch="false"/>
            <line number="242" hits="112" branch="false"/>
            <line number="243" hits="112" branch="false"/>
            <line number="244" hits="112" branch="false"/>
            <line number="245" hits="112" branch="false"/>
            <line number="246" hits="4" branch="false"/>
            <line number="248" hits="108" branch="false"/>
            <line number="250" hits="108" branch="false"/>
            <line number="251" hits="108" branch="false"/>
            <line number="252" hits="108" branch="false"/>
            <line number="253" hits="108" branch="false"/>
            <line number="254" hits="108" branch="false"/>
            <line number="255" hits="108" branch="false"/>
            <line number="256" hits="108" branch="false"/>
            <line number="257" hits="108" branch="false"/>
            <line number="258" hits="108" branch="false"/>
            <line number="259" hits="108" branch="false"/>
            <line number="260" hits="108" branch="false"/>
            <line number="262" hits="108" branch="false"/>
            <line number="282" hits="1562" branch="false"/>
            <line number="283" hits="0" branch="false"/>
            <line number="284" hits="0" branch="false"/>
            <line number="285" hits="0" branch="false"/>
            <line number="286" hits="0" branch="false"/>
            <line number="287" hits="0" branch="false"/>
            <line number="288" hits="0" branch="false"/>
            <line number="289" hits="0" branch="false"/>
            <line number="290" hits="0" branch="false"/>
            <line number="293" hits="1562" branch="false"/>
            <line number="294" hits="1562" branch="false"/>
            <line number="295" hits="1562" branch="false"/>
            <line number="296" hits="1562" branch="false"/>
            <line number="297" hits="1562" branch="false"/>
            <line number="298" hits="1562" branch="false"/>
            <line number="299" hits="1562" branch="false"/>
            <line number="313" hits="8" branch="false"/>
            <line number="314" hits="8" branch="false"/>
            <line number="315" hits="8" branch="false"/>
            <line number="316" hits="8" branch="false"/>
            <line number="317" hits="8" branch="false"/>
            <line number="318" hits="8" branch="false"/>
            <line number="319" hits="8" branch="false"/>
            <line number="320" hits="8" branch="false"/>
            <line number="321" hits="8" branch="false"/>
            <line number="322" hits="8" branch="false"/>
            <line number="323" hits="8" branch="false"/>
            <line number="324" hits="8" branch="false"/>
            <line number="325" hits="8" branch="false"/>
            <line number="326" hits="8" branch="false"/>
            <line number="327" hits="8" branch="false"/>
            <line number="328" hits="8" branch="false"/>
            <line number="329" hits="8" branch="false"/>
            <line number="330" hits="8" branch="false"/>
          </lines>
        </class>
        <class name="is_different.R" filename="R/is_different.R" line-rate="1" branch-rate="0" complexity="0">
          <methods>
            <method name="is_variable_different" signature="" line-rate="1" branch-rate="0" complexity="0">
              <lines>
                <line number="13" hits="921" branch="false"/>
                <line number="14" hits="921" branch="false"/>
                <line number="16" hits="921" branch="false"/>
                <line number="17" hits="921" branch="false"/>
                <line number="18" hits="921" branch="false"/>
                <line number="19" hits="921" branch="false"/>
                <line number="21" hits="921" branch="false"/>
                <line number="22" hits="921" branch="false"/>
                <line number="23" hits="921" branch="false"/>
                <line number="25" hits="921" branch="false"/>
                <line number="27" hits="921" branch="false"/>
                <line number="29" hits="921" branch="false"/>
                <line number="30" hits="921" branch="false"/>
                <line number="31" hits="921" branch="false"/>
                <line number="32" hits="921" branch="false"/>
                <line number="33" hits="921" branch="false"/>
                <line number="34" hits="921" branch="false"/>
                <line number="35" hits="921" branch="false"/>
                <line number="37" hits="921" branch="false"/>
              </lines>
            </method>
            <method name="compare_vectors" signature="" line-rate="1" branch-rate="0" complexity="0">
              <lines>
                <line number="49" hits="954" branch="false"/>
              </lines>
            </method>
            <method name="find_difference" signature="" line-rate="1" branch-rate="0" complexity="0">
              <lines>
                <line number="65" hits="957" branch="false"/>
                <line number="66" hits="2" branch="false"/>
                <line number="67" hits="2" branch="false"/>
                <line number="70" hits="955" branch="false"/>
                <line number="71" hits="1" branch="false"/>
                <line number="75" hits="954" branch="false"/>
                <line number="77" hits="954" branch="false"/>
                <line number="78" hits="954" branch="false"/>
                <line number="81" hits="954" branch="false"/>
                <line number="82" hits="954" branch="false"/>
                <line number="83" hits="954" branch="false"/>
                <line number="86" hits="954" branch="false"/>
                <line number="88" hits="954" branch="false"/>
                <line number="89" hits="954" branch="false"/>
                <line number="90" hits="954" branch="false"/>
                <line number="91" hits="954" branch="false"/>
                <line number="92" hits="954" branch="false"/>
                <line number="94" hits="954" branch="false"/>
                <line number="96" hits="954" branch="false"/>
              </lines>
            </method>
            <method name="compare_vectors.default" signature="" line-rate="1" branch-rate="0" complexity="0">
              <lines>
                <line number="113" hits="408" branch="false"/>
              </lines>
            </method>
            <method name="compare_vectors.factor" signature="" line-rate="1" branch-rate="0" complexity="0">
              <lines>
                <line number="127" hits="83" branch="false"/>
              </lines>
            </method>
            <method name="compare_vectors.numeric" signature="" line-rate="1" branch-rate="0" complexity="0">
              <lines>
                <line number="152" hits="463" branch="false"/>
                <line number="154" hits="463" branch="false"/>
                <line number="155" hits="435" branch="false"/>
                <line number="158" hits="28" branch="false"/>
                <line number="159" hits="7" branch="false"/>
                <line number="160" hits="7" branch="false"/>
                <line number="163" hits="28" branch="false"/>
                <line number="165" hits="28" branch="false"/>
                <line number="166" hits="4" branch="false"/>
                <line number="169" hits="28" branch="false"/>
              </lines>
            </method>
            <method name="compare_vectors.integer64" signature="" line-rate="1" branch-rate="0" complexity="0">
              <lines>
                <line number="188" hits="4" branch="false"/>
              </lines>
            </method>
          </methods>
          <lines>
            <line number="13" hits="921" branch="false"/>
            <line number="14" hits="921" branch="false"/>
            <line number="16" hits="921" branch="false"/>
            <line number="17" hits="921" branch="false"/>
            <line number="18" hits="921" branch="false"/>
            <line number="19" hits="921" branch="false"/>
            <line number="21" hits="921" branch="false"/>
            <line number="22" hits="921" branch="false"/>
            <line number="23" hits="921" branch="false"/>
            <line number="25" hits="921" branch="false"/>
            <line number="27" hits="921" branch="false"/>
            <line number="29" hits="921" branch="false"/>
            <line number="30" hits="921" branch="false"/>
            <line number="31" hits="921" branch="false"/>
            <line number="32" hits="921" branch="false"/>
            <line number="33" hits="921" branch="false"/>
            <line number="34" hits="921" branch="false"/>
            <line number="35" hits="921" branch="false"/>
            <line number="37" hits="921" branch="false"/>
            <line number="49" hits="954" branch="false"/>
            <line number="65" hits="957" branch="false"/>
            <line number="66" hits="2" branch="false"/>
            <line number="67" hits="2" branch="false"/>
            <line number="70" hits="955" branch="false"/>
            <line number="71" hits="1" branch="false"/>
            <line number="75" hits="954" branch="false"/>
            <line number="77" hits="954" branch="false"/>
            <line number="78" hits="954" branch="false"/>
            <line number="81" hits="954" branch="false"/>
            <line number="82" hits="954" branch="false"/>
            <line number="83" hits="954" branch="false"/>
            <line number="86" hits="954" branch="false"/>
            <line number="88" hits="954" branch="false"/>
            <line number="89" hits="954" branch="false"/>
            <line number="90" hits="954" branch="false"/>
            <line number="91" hits="954" branch="false"/>
            <line number="92" hits="954" branch="false"/>
            <line number="94" hits="954" branch="false"/>
            <line number="96" hits="954" branch="false"/>
            <line number="113" hits="408" branch="false"/>
            <line number="127" hits="83" branch="false"/>
            <line number="152" hits="463" branch="false"/>
            <line number="154" hits="463" branch="false"/>
            <line number="155" hits="435" branch="false"/>
            <line number="158" hits="28" branch="false"/>
            <line number="159" hits="7" branch="false"/>
            <line number="160" hits="7" branch="false"/>
            <line number="163" hits="28" branch="false"/>
            <line number="165" hits="28" branch="false"/>
            <line number="166" hits="4" branch="false"/>
            <line number="169" hits="28" branch="false"/>
            <line number="188" hits="4" branch="false"/>
          </lines>
        </class>
        <class name="issuerows.R" filename="R/issuerows.R" line-rate="1" branch-rate="0" complexity="0">
          <methods>
            <method name="diffdf_issuerows" signature="" line-rate="1" branch-rate="0" complexity="0">
              <lines>
                <line number="29" hits="19" branch="false"/>
                <line number="30" hits="19" branch="false"/>
                <line number="31" hits="19" branch="false"/>
                <line number="34" hits="19" branch="false"/>
                <line number="36" hits="19" branch="false"/>
                <line number="37" hits="19" branch="false"/>
                <line number="38" hits="19" branch="false"/>
                <line number="39" hits="19" branch="false"/>
                <line number="42" hits="19" branch="false"/>
                <line number="44" hits="19" branch="false"/>
                <line number="45" hits="15" branch="false"/>
                <line number="47" hits="4" branch="false"/>
                <line number="50" hits="19" branch="false"/>
                <line number="51" hits="7" branch="false"/>
                <line number="54" hits="12" branch="false"/>
                <line number="55" hits="12" branch="false"/>
                <line number="56" hits="12" branch="false"/>
                <line number="57" hits="12" branch="false"/>
                <line number="58" hits="12" branch="false"/>
                <line number="59" hits="12" branch="false"/>
                <line number="61" hits="12" branch="false"/>
                <line number="62" hits="12" branch="false"/>
                <line number="64" hits="12" branch="false"/>
                <line number="65" hits="2" branch="false"/>
                <line number="68" hits="12" branch="false"/>
                <line number="70" hits="12" branch="false"/>
                <line number="71" hits="1" branch="false"/>
                <line number="74" hits="11" branch="false"/>
                <line number="75" hits="11" branch="false"/>
                <line number="76" hits="11" branch="false"/>
                <line number="77" hits="11" branch="false"/>
                <line number="78" hits="11" branch="false"/>
                <line number="80" hits="11" branch="false"/>
                <line number="82" hits="11" branch="false"/>
                <line number="83" hits="2" branch="false"/>
                <line number="84" hits="2" branch="false"/>
                <line number="87" hits="11" branch="false"/>
              </lines>
            </method>
            <method name="get_issue_dataset" signature="" line-rate="1" branch-rate="0" complexity="0">
              <lines>
                <line number="102" hits="20" branch="false"/>
                <line number="103" hits="20" branch="false"/>
                <line number="104" hits="20" branch="false"/>
              </lines>
            </method>
          </methods>
          <lines>
            <line number="29" hits="19" branch="false"/>
            <line number="30" hits="19" branch="false"/>
            <line number="31" hits="19" branch="false"/>
            <line number="34" hits="19" branch="false"/>
            <line number="36" hits="19" branch="false"/>
            <line number="37" hits="19" branch="false"/>
            <line number="38" hits="19" branch="false"/>
            <line number="39" hits="19" branch="false"/>
            <line number="42" hits="19" branch="false"/>
            <line number="44" hits="19" branch="false"/>
            <line number="45" hits="15" branch="false"/>
            <line number="47" hits="4" branch="false"/>
            <line number="50" hits="19" branch="false"/>
            <line number="51" hits="7" branch="false"/>
            <line number="54" hits="12" branch="false"/>
            <line number="55" hits="12" branch="false"/>
            <line number="56" hits="12" branch="false"/>
            <line number="57" hits="12" branch="false"/>
            <line number="58" hits="12" branch="false"/>
            <line number="59" hits="12" branch="false"/>
            <line number="61" hits="12" branch="false"/>
            <line number="62" hits="12" branch="false"/>
            <line number="64" hits="12" branch="false"/>
            <line number="65" hits="2" branch="false"/>
            <line number="68" hits="12" branch="false"/>
            <line number="70" hits="12" branch="false"/>
            <line number="71" hits="1" branch="false"/>
            <line number="74" hits="11" branch="false"/>
            <line number="75" hits="11" branch="false"/>
            <line number="76" hits="11" branch="false"/>
            <line number="77" hits="11" branch="false"/>
            <line number="78" hits="11" branch="false"/>
            <line number="80" hits="11" branch="false"/>
            <line number="82" hits="11" branch="false"/>
            <line number="83" hits="2" branch="false"/>
            <line number="84" hits="2" branch="false"/>
            <line number="87" hits="11" branch="false"/>
            <line number="102" hits="20" branch="false"/>
            <line number="103" hits="20" branch="false"/>
            <line number="104" hits="20" branch="false"/>
          </lines>
        </class>
        <class name="issues.R" filename="R/issues.R" line-rate="0.941176470588235" branch-rate="0" complexity="0">
          <methods>
            <method name="construct_issue" signature="" line-rate="1" branch-rate="0" complexity="0">
              <lines>
                <line number="10" hits="2206" branch="false"/>
                <line number="13" hits="2206" branch="false"/>
                <line number="14" hits="1933" branch="false"/>
                <line number="17" hits="273" branch="false"/>
                <line number="18" hits="273" branch="false"/>
                <line number="19" hits="273" branch="false"/>
              </lines>
            </method>
            <method name="get_issue_message" signature="" line-rate="1" branch-rate="0" complexity="0">
              <lines>
                <line number="30" hits="138" branch="false"/>
              </lines>
            </method>
            <method name="get_print_message" signature="" line-rate="1" branch-rate="0" complexity="0">
              <lines>
                <line number="41" hits="40" branch="false"/>
              </lines>
            </method>
            <method name="get_print_message.default" signature="" line-rate="0" branch-rate="0" complexity="0">
              <lines>
                <line number="52" hits="0" branch="false"/>
              </lines>
            </method>
            <method name="get_print_message.issue" signature="" line-rate="1" branch-rate="0" complexity="0">
              <lines>
                <line number="64" hits="40" branch="false"/>
                <line number="65" hits="40" branch="false"/>
                <line number="66" hits="40" branch="false"/>
                <line number="67" hits="40" branch="false"/>
                <line number="68" hits="40" branch="false"/>
                <line number="69" hits="40" branch="false"/>
                <line number="70" hits="40" branch="false"/>
                <line number="71" hits="40" branch="false"/>
              </lines>
            </method>
          </methods>
          <lines>
            <line number="10" hits="2206" branch="false"/>
            <line number="13" hits="2206" branch="false"/>
            <line number="14" hits="1933" branch="false"/>
            <line number="17" hits="273" branch="false"/>
            <line number="18" hits="273" branch="false"/>
            <line number="19" hits="273" branch="false"/>
            <line number="30" hits="138" branch="false"/>
            <line number="41" hits="40" branch="false"/>
            <line number="52" hits="0" branch="false"/>
            <line number="64" hits="40" branch="false"/>
            <line number="65" hits="40" branch="false"/>
            <line number="66" hits="40" branch="false"/>
            <line number="67" hits="40" branch="false"/>
            <line number="68" hits="40" branch="false"/>
            <line number="69" hits="40" branch="false"/>
            <line number="70" hits="40" branch="false"/>
            <line number="71" hits="40" branch="false"/>
          </lines>
        </class>
        <class name="misc_functions.R" filename="R/misc_functions.R" line-rate="0.941176470588235" branch-rate="0" complexity="0">
          <methods>
            <method name="factor_to_character" signature="" line-rate="0.6" branch-rate="0" complexity="0">
              <lines>
                <line number="9" hits="0" branch="false"/>
                <line number="11" hits="228" branch="false"/>
                <line number="12" hits="240" branch="false"/>
                <line number="13" hits="0" branch="false"/>
                <line number="16" hits="228" branch="false"/>
              </lines>
            </method>
            <method name="has_unique_rows" signature="" line-rate="1" branch-rate="0" complexity="0">
              <lines>
                <line number="29" hits="239" branch="false"/>
                <line number="30" hits="239" branch="false"/>
                <line number="31" hits="239" branch="false"/>
              </lines>
            </method>
            <method name="convert_to_issue" signature="" line-rate="1" branch-rate="0" complexity="0">
              <lines>
                <line number="41" hits="108" branch="false"/>
                <line number="42" hits="108" branch="false"/>
                <line number="43" hits="108" branch="false"/>
                <line number="44" hits="108" branch="false"/>
                <line number="46" hits="108" branch="false"/>
                <line number="47" hits="108" branch="false"/>
              </lines>
            </method>
            <method name="describe_dataframe" signature="" line-rate="1" branch-rate="0" complexity="0">
              <lines>
                <line number="60" hits="126" branch="false"/>
                <line number="61" hits="126" branch="false"/>
                <line number="62" hits="126" branch="false"/>
                <line number="63" hits="126" branch="false"/>
                <line number="64" hits="126" branch="false"/>
                <line number="65" hits="126" branch="false"/>
                <line number="66" hits="126" branch="false"/>
                <line number="67" hits="126" branch="false"/>
                <line number="68" hits="126" branch="false"/>
                <line number="69" hits="126" branch="false"/>
                <line number="70" hits="126" branch="false"/>
                <line number="71" hits="126" branch="false"/>
                <line number="72" hits="126" branch="false"/>
                <line number="73" hits="126" branch="false"/>
                <line number="74" hits="126" branch="false"/>
                <line number="75" hits="126" branch="false"/>
                <line number="76" hits="126" branch="false"/>
                <line number="77" hits="126" branch="false"/>
                <line number="78" hits="126" branch="false"/>
                <line number="79" hits="126" branch="false"/>
              </lines>
            </method>
          </methods>
          <lines>
            <line number="9" hits="0" branch="false"/>
            <line number="11" hits="228" branch="false"/>
            <line number="12" hits="240" branch="false"/>
            <line number="13" hits="0" branch="false"/>
            <line number="16" hits="228" branch="false"/>
            <line number="29" hits="239" branch="false"/>
            <line number="30" hits="239" branch="false"/>
            <line number="31" hits="239" branch="false"/>
            <line number="41" hits="108" branch="false"/>
            <line number="42" hits="108" branch="false"/>
            <line number="43" hits="108" branch="false"/>
            <line number="44" hits="108" branch="false"/>
            <line number="46" hits="108" branch="false"/>
            <line number="47" hits="108" branch="false"/>
            <line number="60" hits="126" branch="false"/>
            <line number="61" hits="126" branch="false"/>
            <line number="62" hits="126" branch="false"/>
            <line number="63" hits="126" branch="false"/>
            <line number="64" hits="126" branch="false"/>
            <line number="65" hits="126" branch="false"/>
            <line number="66" hits="126" branch="false"/>
            <line number="67" hits="126" branch="false"/>
            <line number="68" hits="126" branch="false"/>
            <line number="69" hits="126" branch="false"/>
            <line number="70" hits="126" branch="false"/>
            <line number="71" hits="126" branch="false"/>
            <line number="72" hits="126" branch="false"/>
            <line number="73" hits="126" branch="false"/>
            <line number="74" hits="126" branch="false"/>
            <line number="75" hits="126" branch="false"/>
            <line number="76" hits="126" branch="false"/>
            <line number="77" hits="126" branch="false"/>
            <line number="78" hits="126" branch="false"/>
            <line number="79" hits="126" branch="false"/>
          </lines>
        </class>
        <class name="print.R" filename="R/print.R" line-rate="1" branch-rate="0" complexity="0">
          <methods>
            <method name="print.diffdf" signature="" line-rate="1" branch-rate="0" complexity="0">
              <lines>
                <line number="16" hits="26" branch="false"/>
                <line number="17" hits="25" branch="false"/>
                <line number="18" hits="25" branch="false"/>
                <line number="19" hits="25" branch="false"/>
                <line number="20" hits="25" branch="false"/>
                <line number="21" hits="25" branch="false"/>
                <line number="23" hits="22" branch="false"/>
                <line number="24" hits="22" branch="false"/>
                <line number="25" hits="22" branch="false"/>
                <line number="26" hits="20" branch="false"/>
                <line number="28" hits="20" branch="false"/>
                <line number="29" hits="6" branch="false"/>
                <line number="31" hits="14" branch="false"/>
                <line number="32" hits="14" branch="false"/>
                <line number="33" hits="14" branch="false"/>
                <line number="34" hits="14" branch="false"/>
                <line number="36" hits="20" branch="false"/>
                <line number="37" hits="7" branch="false"/>
                <line number="39" hits="13" branch="false"/>
                <line number="40" hits="13" branch="false"/>
              </lines>
            </method>
          </methods>
          <lines>
            <line number="16" hits="26" branch="false"/>
            <line number="17" hits="25" branch="false"/>
            <line number="18" hits="25" branch="false"/>
            <line number="19" hits="25" branch="false"/>
            <line number="20" hits="25" branch="false"/>
            <line number="21" hits="25" branch="false"/>
            <line number="23" hits="22" branch="false"/>
            <line number="24" hits="22" branch="false"/>
            <line number="25" hits="22" branch="false"/>
            <line number="26" hits="20" branch="false"/>
            <line number="28" hits="20" branch="false"/>
            <line number="29" hits="6" branch="false"/>
            <line number="31" hits="14" branch="false"/>
            <line number="32" hits="14" branch="false"/>
            <line number="33" hits="14" branch="false"/>
            <line number="34" hits="14" branch="false"/>
            <line number="36" hits="20" branch="false"/>
            <line number="37" hits="7" branch="false"/>
            <line number="39" hits="13" branch="false"/>
            <line number="40" hits="13" branch="false"/>
          </lines>
        </class>
      </classes>
    </package>
  </packages>
</coverage>
